Build started 2021/8/23 15:03:57.
     1>Project "G:\platform-tools\ffmpeg4.0+SDL2DEMO-PUSH\ffmpeg\ffmpeg\ffmpegDEMO.vcxproj" on node 2 (Build target(s)).
     1>C:\Program Files (x86)\MSBuild\Microsoft.Cpp\v4.0\V120\Microsoft.CppBuild.targets(388,5): warning MSB8028: The intermediate directory (Release\) contains files shared from another project (ffmpeg.vcxproj).  This can lead to incorrect clean and rebuild behavior.
     1>ClCompile:
         D:\vs\VC\bin\CL.exe /c /I./include /Zi /nologo /W3 /WX- /sdl /O2 /Oi /Oy- /GL /D WIN32 /D _WINDOWS /D NDEBUG /D _CRT_SECURE_NO_WARNINGS /D _UNICODE /D UNICODE /D _AFXDLL /Gm- /EHsc /MD /GS /Gy /fp:precise /Zc:wchar_t /Zc:forScope /Yc"stdafx.h" /Fp"Release\ffmpegDEMO.pch" /Fo"Release\\" /Fd"Release\vc120.pdb" /Gd /TP /analyze- /errorReport:prompt stdafx.cpp
         stdafx.cpp
     1>C:\Program Files (x86)\Windows Kits\8.1\Include\um\winsock2.h(776): warning C4005: 'EWOULDBLOCK' : macro redefinition
                 D:\vs\VC\include\errno.h(132) : see previous definition of 'EWOULDBLOCK'
     1>C:\Program Files (x86)\Windows Kits\8.1\Include\um\winsock2.h(777): warning C4005: 'EINPROGRESS' : macro redefinition
                 D:\vs\VC\include\errno.h(104) : see previous definition of 'EINPROGRESS'
     1>C:\Program Files (x86)\Windows Kits\8.1\Include\um\winsock2.h(778): warning C4005: 'EALREADY' : macro redefinition
                 D:\vs\VC\include\errno.h(95) : see previous definition of 'EALREADY'
     1>C:\Program Files (x86)\Windows Kits\8.1\Include\um\winsock2.h(779): warning C4005: 'ENOTSOCK' : macro redefinition
                 D:\vs\VC\include\errno.h(120) : see previous definition of 'ENOTSOCK'
     1>C:\Program Files (x86)\Windows Kits\8.1\Include\um\winsock2.h(780): warning C4005: 'EDESTADDRREQ' : macro redefinition
                 D:\vs\VC\include\errno.h(101) : see previous definition of 'EDESTADDRREQ'
     1>C:\Program Files (x86)\Windows Kits\8.1\Include\um\winsock2.h(781): warning C4005: 'EMSGSIZE' : macro redefinition
                 D:\vs\VC\include\errno.h(107) : see previous definition of 'EMSGSIZE'
     1>C:\Program Files (x86)\Windows Kits\8.1\Include\um\winsock2.h(782): warning C4005: 'EPROTOTYPE' : macro redefinition
                 D:\vs\VC\include\errno.h(128) : see previous definition of 'EPROTOTYPE'
     1>C:\Program Files (x86)\Windows Kits\8.1\Include\um\winsock2.h(783): warning C4005: 'ENOPROTOOPT' : macro redefinition
                 D:\vs\VC\include\errno.h(115) : see previous definition of 'ENOPROTOOPT'
     1>C:\Program Files (x86)\Windows Kits\8.1\Include\um\winsock2.h(784): warning C4005: 'EPROTONOSUPPORT' : macro redefinition
                 D:\vs\VC\include\errno.h(127) : see previous definition of 'EPROTONOSUPPORT'
     1>C:\Program Files (x86)\Windows Kits\8.1\Include\um\winsock2.h(786): warning C4005: 'EOPNOTSUPP' : macro redefinition
                 D:\vs\VC\include\errno.h(122) : see previous definition of 'EOPNOTSUPP'
     1>C:\Program Files (x86)\Windows Kits\8.1\Include\um\winsock2.h(788): warning C4005: 'EAFNOSUPPORT' : macro redefinition
                 D:\vs\VC\include\errno.h(94) : see previous definition of 'EAFNOSUPPORT'
     1>C:\Program Files (x86)\Windows Kits\8.1\Include\um\winsock2.h(789): warning C4005: 'EADDRINUSE' : macro redefinition
                 D:\vs\VC\include\errno.h(92) : see previous definition of 'EADDRINUSE'
     1>C:\Program Files (x86)\Windows Kits\8.1\Include\um\winsock2.h(790): warning C4005: 'EADDRNOTAVAIL' : macro redefinition
                 D:\vs\VC\include\errno.h(93) : see previous definition of 'EADDRNOTAVAIL'
     1>C:\Program Files (x86)\Windows Kits\8.1\Include\um\winsock2.h(791): warning C4005: 'ENETDOWN' : macro redefinition
                 D:\vs\VC\include\errno.h(108) : see previous definition of 'ENETDOWN'
     1>C:\Program Files (x86)\Windows Kits\8.1\Include\um\winsock2.h(792): warning C4005: 'ENETUNREACH' : macro redefinition
                 D:\vs\VC\include\errno.h(110) : see previous definition of 'ENETUNREACH'
     1>C:\Program Files (x86)\Windows Kits\8.1\Include\um\winsock2.h(793): warning C4005: 'ENETRESET' : macro redefinition
                 D:\vs\VC\include\errno.h(109) : see previous definition of 'ENETRESET'
     1>C:\Program Files (x86)\Windows Kits\8.1\Include\um\winsock2.h(794): warning C4005: 'ECONNABORTED' : macro redefinition
                 D:\vs\VC\include\errno.h(98) : see previous definition of 'ECONNABORTED'
     1>C:\Program Files (x86)\Windows Kits\8.1\Include\um\winsock2.h(795): warning C4005: 'ECONNRESET' : macro redefinition
                 D:\vs\VC\include\errno.h(100) : see previous definition of 'ECONNRESET'
     1>C:\Program Files (x86)\Windows Kits\8.1\Include\um\winsock2.h(796): warning C4005: 'ENOBUFS' : macro redefinition
                 D:\vs\VC\include\errno.h(111) : see previous definition of 'ENOBUFS'
     1>C:\Program Files (x86)\Windows Kits\8.1\Include\um\winsock2.h(797): warning C4005: 'EISCONN' : macro redefinition
                 D:\vs\VC\include\errno.h(105) : see previous definition of 'EISCONN'
     1>C:\Program Files (x86)\Windows Kits\8.1\Include\um\winsock2.h(798): warning C4005: 'ENOTCONN' : macro redefinition
                 D:\vs\VC\include\errno.h(118) : see previous definition of 'ENOTCONN'
     1>C:\Program Files (x86)\Windows Kits\8.1\Include\um\winsock2.h(801): warning C4005: 'ETIMEDOUT' : macro redefinition
                 D:\vs\VC\include\errno.h(130) : see previous definition of 'ETIMEDOUT'
     1>C:\Program Files (x86)\Windows Kits\8.1\Include\um\winsock2.h(802): warning C4005: 'ECONNREFUSED' : macro redefinition
                 D:\vs\VC\include\errno.h(99) : see previous definition of 'ECONNREFUSED'
     1>C:\Program Files (x86)\Windows Kits\8.1\Include\um\winsock2.h(803): warning C4005: 'ELOOP' : macro redefinition
                 D:\vs\VC\include\errno.h(106) : see previous definition of 'ELOOP'
     1>C:\Program Files (x86)\Windows Kits\8.1\Include\um\winsock2.h(804): warning C4005: 'ENAMETOOLONG' : macro redefinition
                 D:\vs\VC\include\errno.h(71) : see previous definition of 'ENAMETOOLONG'
     1>C:\Program Files (x86)\Windows Kits\8.1\Include\um\winsock2.h(806): warning C4005: 'EHOSTUNREACH' : macro redefinition
                 D:\vs\VC\include\errno.h(102) : see previous definition of 'EHOSTUNREACH'
     1>C:\Program Files (x86)\Windows Kits\8.1\Include\um\winsock2.h(807): warning C4005: 'ENOTEMPTY' : macro redefinition
                 D:\vs\VC\include\errno.h(74) : see previous definition of 'ENOTEMPTY'
         D:\vs\VC\bin\CL.exe /c /I./include /Zi /nologo /W3 /WX- /sdl /O2 /Oi /Oy- /GL /D WIN32 /D _WINDOWS /D NDEBUG /D _CRT_SECURE_NO_WARNINGS /D _UNICODE /D UNICODE /D _AFXDLL /Gm- /EHsc /MD /GS /Gy /fp:precise /Zc:wchar_t /Zc:forScope /Yu"stdafx.h" /Fp"Release\ffmpegDEMO.pch" /Fo"Release\\" /Fd"Release\vc120.pdb" /Gd /TP /analyze- /errorReport:prompt ffmpeg.cpp ffmpegDlg.cpp
         ffmpeg.cpp
         ffmpegDlg.cpp
     1>ffmpegDlg.cpp(5): warning C4603: '__STDC_CONSTANT_MACROS' : macro is not defined or definition is different after precompiled header use
                 Add macro to precompiled header instead of defining here
                 ffmpegDlg.cpp(6) : use of precompiled header
     1>g:\platform-tools\ffmpeg4.0+sdl2demo-push\ffmpeg\ffmpeg\include\libavutil\rational.h : warning C4819: The file contains a character that cannot be represented in the current code page (936). Save the file in Unicode format to prevent data loss
     1>ffmpegDlg.cpp(320): warning C4018: '<' : signed/unsigned mismatch
     1>ffmpegDlg.cpp(512): warning C4244: '=' : conversion from 'double' to 'int64_t', possible loss of data
     1>ffmpegDlg.cpp(514): warning C4244: '=' : conversion from 'double' to 'int64_t', possible loss of data
     1>ffmpegDlg.cpp(516): warning C4244: '=' : conversion from 'double' to 'int64_t', possible loss of data
     1>ffmpegDlg.cpp(524): warning C4244: '=' : conversion from 'double' to 'int64_t', possible loss of data
     1>ffmpegDlg.cpp(534): warning C4244: 'argument' : conversion from 'int64_t' to 'unsigned int', possible loss of data
       ResourceCompile:
         C:\Program Files (x86)\Windows Kits\8.1\bin\x86\rc.exe /D NDEBUG /D _UNICODE /D UNICODE /D _AFXDLL /l"0x0409" /IRelease\ /nologo /fo"Release\ffmpeg.res" ffmpeg.rc 
       Link:
         D:\vs\VC\bin\link.exe /ERRORREPORT:PROMPT /OUT:"G:\platform-tools\ffmpeg4.0+SDL2DEMO-PUSH\ffmpeg\Release\ffmpegDEMO.exe" /INCREMENTAL:NO /NOLOGO /LIBPATH:"../../ffmpeg-4.1-vs-share/msvc/lib/x86" libavcodecd.lib libavdeviced.lib libavfilterd.lib libavformatd.lib libavutild.lib postproc.lib swresample.lib swscale.lib SDL2.lib SDL2main.lib SDL2test.lib /MANIFEST /MANIFESTUAC:"level='asInvoker' uiAccess='false'" /manifest:embed /manifestinput:D:\vs\VC\Include\Manifest\dpiaware.manifest /DEBUG /PDB:"G:\platform-tools\ffmpeg4.0+SDL2DEMO-PUSH\ffmpeg\Release\ffmpegDEMO.pdb" /SUBSYSTEM:WINDOWS /OPT:REF /OPT:ICF /LTCG /TLBID:1 /ENTRY:"wWinMainCRTStartup" /DYNAMICBASE /NXCOMPAT /IMPLIB:"G:\platform-tools\ffmpeg4.0+SDL2DEMO-PUSH\ffmpeg\Release\ffmpegDEMO.lib" /MACHINE:X86 /SAFESEH:NO Release\ffmpeg.res
         Release\ffmpeg.obj
         Release\ffmpegDlg.obj
         Release\stdafx.obj
     1>libavcodecd.lib(iconv.obj) : warning LNK4075: ignoring '/EDITANDCONTINUE' due to '/OPT:ICF' specification
     1>libavcodecd.lib(api.obj) : error LNK2038: mismatch detected for '_ITERATOR_DEBUG_LEVEL': value '2' doesn't match value '0' in ffmpegDlg.obj
     1>libavcodecd.lib(api.obj) : error LNK2038: mismatch detected for 'RuntimeLibrary': value 'MDd_DynamicDebug' doesn't match value 'MD_DynamicRelease' in ffmpegDlg.obj
     1>libavcodecd.lib(param.obj) : error LNK2038: mismatch detected for '_ITERATOR_DEBUG_LEVEL': value '2' doesn't match value '0' in ffmpegDlg.obj
     1>libavcodecd.lib(param.obj) : error LNK2038: mismatch detected for 'RuntimeLibrary': value 'MDd_DynamicDebug' doesn't match value 'MD_DynamicRelease' in ffmpegDlg.obj
     1>libavcodecd.lib(level.obj) : error LNK2038: mismatch detected for '_ITERATOR_DEBUG_LEVEL': value '2' doesn't match value '0' in ffmpegDlg.obj
     1>libavcodecd.lib(level.obj) : error LNK2038: mismatch detected for 'RuntimeLibrary': value 'MDd_DynamicDebug' doesn't match value 'MD_DynamicRelease' in ffmpegDlg.obj
     1>libavcodecd.lib(common.obj) : error LNK2038: mismatch detected for '_ITERATOR_DEBUG_LEVEL': value '2' doesn't match value '0' in ffmpegDlg.obj
     1>libavcodecd.lib(common.obj) : error LNK2038: mismatch detected for 'RuntimeLibrary': value 'MDd_DynamicDebug' doesn't match value 'MD_DynamicRelease' in ffmpegDlg.obj
     1>libavcodecd.lib(primitives.obj) : error LNK2038: mismatch detected for '_ITERATOR_DEBUG_LEVEL': value '2' doesn't match value '0' in ffmpegDlg.obj
     1>libavcodecd.lib(primitives.obj) : error LNK2038: mismatch detected for 'RuntimeLibrary': value 'MDd_DynamicDebug' doesn't match value 'MD_DynamicRelease' in ffmpegDlg.obj
     1>libavcodecd.lib(bitstream.obj) : error LNK2038: mismatch detected for '_ITERATOR_DEBUG_LEVEL': value '2' doesn't match value '0' in ffmpegDlg.obj
     1>libavcodecd.lib(bitstream.obj) : error LNK2038: mismatch detected for 'RuntimeLibrary': value 'MDd_DynamicDebug' doesn't match value 'MD_DynamicRelease' in ffmpegDlg.obj
     1>libavcodecd.lib(frameencoder.obj) : error LNK2038: mismatch detected for '_ITERATOR_DEBUG_LEVEL': value '2' doesn't match value '0' in ffmpegDlg.obj
     1>libavcodecd.lib(frameencoder.obj) : error LNK2038: mismatch detected for 'RuntimeLibrary': value 'MDd_DynamicDebug' doesn't match value 'MD_DynamicRelease' in ffmpegDlg.obj
     1>libavcodecd.lib(scalinglist.obj) : error LNK2038: mismatch detected for '_ITERATOR_DEBUG_LEVEL': value '2' doesn't match value '0' in ffmpegDlg.obj
     1>libavcodecd.lib(scalinglist.obj) : error LNK2038: mismatch detected for 'RuntimeLibrary': value 'MDd_DynamicDebug' doesn't match value 'MD_DynamicRelease' in ffmpegDlg.obj
     1>libavcodecd.lib(encoder.obj) : error LNK2038: mismatch detected for '_ITERATOR_DEBUG_LEVEL': value '2' doesn't match value '0' in ffmpegDlg.obj
     1>libavcodecd.lib(encoder.obj) : error LNK2038: mismatch detected for 'RuntimeLibrary': value 'MDd_DynamicDebug' doesn't match value 'MD_DynamicRelease' in ffmpegDlg.obj
     1>libavcodecd.lib(entropy.obj) : error LNK2038: mismatch detected for '_ITERATOR_DEBUG_LEVEL': value '2' doesn't match value '0' in ffmpegDlg.obj
     1>libavcodecd.lib(entropy.obj) : error LNK2038: mismatch detected for 'RuntimeLibrary': value 'MDd_DynamicDebug' doesn't match value 'MD_DynamicRelease' in ffmpegDlg.obj
     1>libavcodecd.lib(bitcost.obj) : error LNK2038: mismatch detected for '_ITERATOR_DEBUG_LEVEL': value '2' doesn't match value '0' in ffmpegDlg.obj
     1>libavcodecd.lib(bitcost.obj) : error LNK2038: mismatch detected for 'RuntimeLibrary': value 'MDd_DynamicDebug' doesn't match value 'MD_DynamicRelease' in ffmpegDlg.obj
     1>libavcodecd.lib(api.obj) : error LNK2038: mismatch detected for '_ITERATOR_DEBUG_LEVEL': value '2' doesn't match value '0' in ffmpegDlg.obj
     1>libavcodecd.lib(api.obj) : error LNK2038: mismatch detected for 'RuntimeLibrary': value 'MDd_DynamicDebug' doesn't match value 'MD_DynamicRelease' in ffmpegDlg.obj
     1>libavcodecd.lib(api.obj) : error LNK2038: mismatch detected for '_ITERATOR_DEBUG_LEVEL': value '2' doesn't match value '0' in ffmpegDlg.obj
     1>libavcodecd.lib(api.obj) : error LNK2038: mismatch detected for 'RuntimeLibrary': value 'MDd_DynamicDebug' doesn't match value 'MD_DynamicRelease' in ffmpegDlg.obj
     1>libavcodecd.lib(version.obj) : error LNK2038: mismatch detected for '_ITERATOR_DEBUG_LEVEL': value '2' doesn't match value '0' in ffmpegDlg.obj
     1>libavcodecd.lib(version.obj) : error LNK2038: mismatch detected for 'RuntimeLibrary': value 'MDd_DynamicDebug' doesn't match value 'MD_DynamicRelease' in ffmpegDlg.obj
     1>libavcodecd.lib(constants.obj) : error LNK2038: mismatch detected for '_ITERATOR_DEBUG_LEVEL': value '2' doesn't match value '0' in ffmpegDlg.obj
     1>libavcodecd.lib(constants.obj) : error LNK2038: mismatch detected for 'RuntimeLibrary': value 'MDd_DynamicDebug' doesn't match value 'MD_DynamicRelease' in ffmpegDlg.obj
     1>libavcodecd.lib(cpu.obj) : error LNK2038: mismatch detected for '_ITERATOR_DEBUG_LEVEL': value '2' doesn't match value '0' in ffmpegDlg.obj
     1>libavcodecd.lib(cpu.obj) : error LNK2038: mismatch detected for 'RuntimeLibrary': value 'MDd_DynamicDebug' doesn't match value 'MD_DynamicRelease' in ffmpegDlg.obj
     1>libavcodecd.lib(vec-primitives.obj) : error LNK2038: mismatch detected for '_ITERATOR_DEBUG_LEVEL': value '2' doesn't match value '0' in ffmpegDlg.obj
     1>libavcodecd.lib(vec-primitives.obj) : error LNK2038: mismatch detected for 'RuntimeLibrary': value 'MDd_DynamicDebug' doesn't match value 'MD_DynamicRelease' in ffmpegDlg.obj
     1>libavcodecd.lib(asm-primitives.obj) : error LNK2038: mismatch detected for '_ITERATOR_DEBUG_LEVEL': value '2' doesn't match value '0' in ffmpegDlg.obj
     1>libavcodecd.lib(asm-primitives.obj) : error LNK2038: mismatch detected for 'RuntimeLibrary': value 'MDd_DynamicDebug' doesn't match value 'MD_DynamicRelease' in ffmpegDlg.obj
     1>libavcodecd.lib(pixel.obj) : error LNK2038: mismatch detected for '_ITERATOR_DEBUG_LEVEL': value '2' doesn't match value '0' in ffmpegDlg.obj
     1>libavcodecd.lib(pixel.obj) : error LNK2038: mismatch detected for 'RuntimeLibrary': value 'MDd_DynamicDebug' doesn't match value 'MD_DynamicRelease' in ffmpegDlg.obj
     1>libavcodecd.lib(dct.obj) : error LNK2038: mismatch detected for '_ITERATOR_DEBUG_LEVEL': value '2' doesn't match value '0' in ffmpegDlg.obj
     1>libavcodecd.lib(dct.obj) : error LNK2038: mismatch detected for 'RuntimeLibrary': value 'MDd_DynamicDebug' doesn't match value 'MD_DynamicRelease' in ffmpegDlg.obj
     1>libavcodecd.lib(ipfilter.obj) : error LNK2038: mismatch detected for '_ITERATOR_DEBUG_LEVEL': value '2' doesn't match value '0' in ffmpegDlg.obj
     1>libavcodecd.lib(ipfilter.obj) : error LNK2038: mismatch detected for 'RuntimeLibrary': value 'MDd_DynamicDebug' doesn't match value 'MD_DynamicRelease' in ffmpegDlg.obj
     1>libavcodecd.lib(IntraPred.obj) : error LNK2038: mismatch detected for '_ITERATOR_DEBUG_LEVEL': value '2' doesn't match value '0' in ffmpegDlg.obj
     1>libavcodecd.lib(IntraPred.obj) : error LNK2038: mismatch detected for 'RuntimeLibrary': value 'MDd_DynamicDebug' doesn't match value 'MD_DynamicRelease' in ffmpegDlg.obj
     1>libavcodecd.lib(loopfilter_c.obj) : error LNK2038: mismatch detected for '_ITERATOR_DEBUG_LEVEL': value '2' doesn't match value '0' in ffmpegDlg.obj
     1>libavcodecd.lib(loopfilter_c.obj) : error LNK2038: mismatch detected for 'RuntimeLibrary': value 'MDd_DynamicDebug' doesn't match value 'MD_DynamicRelease' in ffmpegDlg.obj
     1>libavcodecd.lib(sao.obj) : error LNK2038: mismatch detected for '_ITERATOR_DEBUG_LEVEL': value '2' doesn't match value '0' in ffmpegDlg.obj
     1>libavcodecd.lib(sao.obj) : error LNK2038: mismatch detected for 'RuntimeLibrary': value 'MDd_DynamicDebug' doesn't match value 'MD_DynamicRelease' in ffmpegDlg.obj
     1>libavcodecd.lib(framefilter.obj) : error LNK2038: mismatch detected for '_ITERATOR_DEBUG_LEVEL': value '2' doesn't match value '0' in ffmpegDlg.obj
     1>libavcodecd.lib(framefilter.obj) : error LNK2038: mismatch detected for 'RuntimeLibrary': value 'MDd_DynamicDebug' doesn't match value 'MD_DynamicRelease' in ffmpegDlg.obj
     1>libavcodecd.lib(lowpassdct.obj) : error LNK2038: mismatch detected for '_ITERATOR_DEBUG_LEVEL': value '2' doesn't match value '0' in ffmpegDlg.obj
     1>libavcodecd.lib(lowpassdct.obj) : error LNK2038: mismatch detected for 'RuntimeLibrary': value 'MDd_DynamicDebug' doesn't match value 'MD_DynamicRelease' in ffmpegDlg.obj
     1>libavcodecd.lib(md5.obj) : error LNK2038: mismatch detected for '_ITERATOR_DEBUG_LEVEL': value '2' doesn't match value '0' in ffmpegDlg.obj
     1>libavcodecd.lib(md5.obj) : error LNK2038: mismatch detected for 'RuntimeLibrary': value 'MDd_DynamicDebug' doesn't match value 'MD_DynamicRelease' in ffmpegDlg.obj
     1>libavcodecd.lib(picyuv.obj) : error LNK2038: mismatch detected for '_ITERATOR_DEBUG_LEVEL': value '2' doesn't match value '0' in ffmpegDlg.obj
     1>libavcodecd.lib(picyuv.obj) : error LNK2038: mismatch detected for 'RuntimeLibrary': value 'MDd_DynamicDebug' doesn't match value 'MD_DynamicRelease' in ffmpegDlg.obj
     1>libavcodecd.lib(winxp.obj) : error LNK2038: mismatch detected for '_ITERATOR_DEBUG_LEVEL': value '2' doesn't match value '0' in ffmpegDlg.obj
     1>libavcodecd.lib(winxp.obj) : error LNK2038: mismatch detected for 'RuntimeLibrary': value 'MDd_DynamicDebug' doesn't match value 'MD_DynamicRelease' in ffmpegDlg.obj
     1>libavcodecd.lib(threading.obj) : error LNK2038: mismatch detected for '_ITERATOR_DEBUG_LEVEL': value '2' doesn't match value '0' in ffmpegDlg.obj
     1>libavcodecd.lib(threading.obj) : error LNK2038: mismatch detected for 'RuntimeLibrary': value 'MDd_DynamicDebug' doesn't match value 'MD_DynamicRelease' in ffmpegDlg.obj
     1>libavcodecd.lib(slice.obj) : error LNK2038: mismatch detected for '_ITERATOR_DEBUG_LEVEL': value '2' doesn't match value '0' in ffmpegDlg.obj
     1>libavcodecd.lib(slice.obj) : error LNK2038: mismatch detected for 'RuntimeLibrary': value 'MDd_DynamicDebug' doesn't match value 'MD_DynamicRelease' in ffmpegDlg.obj
     1>libavcodecd.lib(cudata.obj) : error LNK2038: mismatch detected for '_ITERATOR_DEBUG_LEVEL': value '2' doesn't match value '0' in ffmpegDlg.obj
     1>libavcodecd.lib(cudata.obj) : error LNK2038: mismatch detected for 'RuntimeLibrary': value 'MDd_DynamicDebug' doesn't match value 'MD_DynamicRelease' in ffmpegDlg.obj
     1>libavcodecd.lib(threadpool.obj) : error LNK2038: mismatch detected for '_ITERATOR_DEBUG_LEVEL': value '2' doesn't match value '0' in ffmpegDlg.obj
     1>libavcodecd.lib(threadpool.obj) : error LNK2038: mismatch detected for 'RuntimeLibrary': value 'MDd_DynamicDebug' doesn't match value 'MD_DynamicRelease' in ffmpegDlg.obj
     1>libavcodecd.lib(wavefront.obj) : error LNK2038: mismatch detected for '_ITERATOR_DEBUG_LEVEL': value '2' doesn't match value '0' in ffmpegDlg.obj
     1>libavcodecd.lib(wavefront.obj) : error LNK2038: mismatch detected for 'RuntimeLibrary': value 'MDd_DynamicDebug' doesn't match value 'MD_DynamicRelease' in ffmpegDlg.obj
     1>libavcodecd.lib(nal.obj) : error LNK2038: mismatch detected for '_ITERATOR_DEBUG_LEVEL': value '2' doesn't match value '0' in ffmpegDlg.obj
     1>libavcodecd.lib(nal.obj) : error LNK2038: mismatch detected for 'RuntimeLibrary': value 'MDd_DynamicDebug' doesn't match value 'MD_DynamicRelease' in ffmpegDlg.obj
     1>libavcodecd.lib(reference.obj) : error LNK2038: mismatch detected for '_ITERATOR_DEBUG_LEVEL': value '2' doesn't match value '0' in ffmpegDlg.obj
     1>libavcodecd.lib(reference.obj) : error LNK2038: mismatch detected for 'RuntimeLibrary': value 'MDd_DynamicDebug' doesn't match value 'MD_DynamicRelease' in ffmpegDlg.obj
     1>libavcodecd.lib(motion.obj) : error LNK2038: mismatch detected for '_ITERATOR_DEBUG_LEVEL': value '2' doesn't match value '0' in ffmpegDlg.obj
     1>libavcodecd.lib(motion.obj) : error LNK2038: mismatch detected for 'RuntimeLibrary': value 'MDd_DynamicDebug' doesn't match value 'MD_DynamicRelease' in ffmpegDlg.obj
     1>libavcodecd.lib(search.obj) : error LNK2038: mismatch detected for '_ITERATOR_DEBUG_LEVEL': value '2' doesn't match value '0' in ffmpegDlg.obj
     1>libavcodecd.lib(search.obj) : error LNK2038: mismatch detected for 'RuntimeLibrary': value 'MDd_DynamicDebug' doesn't match value 'MD_DynamicRelease' in ffmpegDlg.obj
     1>libavcodecd.lib(analysis.obj) : error LNK2038: mismatch detected for '_ITERATOR_DEBUG_LEVEL': value '2' doesn't match value '0' in ffmpegDlg.obj
     1>libavcodecd.lib(analysis.obj) : error LNK2038: mismatch detected for 'RuntimeLibrary': value 'MDd_DynamicDebug' doesn't match value 'MD_DynamicRelease' in ffmpegDlg.obj
     1>libavcodecd.lib(sei.obj) : error LNK2038: mismatch detected for '_ITERATOR_DEBUG_LEVEL': value '2' doesn't match value '0' in ffmpegDlg.obj
     1>libavcodecd.lib(sei.obj) : error LNK2038: mismatch detected for 'RuntimeLibrary': value 'MDd_DynamicDebug' doesn't match value 'MD_DynamicRelease' in ffmpegDlg.obj
     1>libavcodecd.lib(ratecontrol.obj) : error LNK2038: mismatch detected for '_ITERATOR_DEBUG_LEVEL': value '2' doesn't match value '0' in ffmpegDlg.obj
     1>libavcodecd.lib(ratecontrol.obj) : error LNK2038: mismatch detected for 'RuntimeLibrary': value 'MDd_DynamicDebug' doesn't match value 'MD_DynamicRelease' in ffmpegDlg.obj
     1>libavcodecd.lib(weightPrediction.obj) : error LNK2038: mismatch detected for '_ITERATOR_DEBUG_LEVEL': value '2' doesn't match value '0' in ffmpegDlg.obj
     1>libavcodecd.lib(weightPrediction.obj) : error LNK2038: mismatch detected for 'RuntimeLibrary': value 'MDd_DynamicDebug' doesn't match value 'MD_DynamicRelease' in ffmpegDlg.obj
     1>libavcodecd.lib(frame.obj) : error LNK2038: mismatch detected for '_ITERATOR_DEBUG_LEVEL': value '2' doesn't match value '0' in ffmpegDlg.obj
     1>libavcodecd.lib(frame.obj) : error LNK2038: mismatch detected for 'RuntimeLibrary': value 'MDd_DynamicDebug' doesn't match value 'MD_DynamicRelease' in ffmpegDlg.obj
     1>libavcodecd.lib(apiHDR10.obj) : error LNK2038: mismatch detected for '_ITERATOR_DEBUG_LEVEL': value '2' doesn't match value '0' in ffmpegDlg.obj
     1>libavcodecd.lib(apiHDR10.obj) : error LNK2038: mismatch detected for 'RuntimeLibrary': value 'MDd_DynamicDebug' doesn't match value 'MD_DynamicRelease' in ffmpegDlg.obj
     1>libavcodecd.lib(piclist.obj) : error LNK2038: mismatch detected for '_ITERATOR_DEBUG_LEVEL': value '2' doesn't match value '0' in ffmpegDlg.obj
     1>libavcodecd.lib(piclist.obj) : error LNK2038: mismatch detected for 'RuntimeLibrary': value 'MDd_DynamicDebug' doesn't match value 'MD_DynamicRelease' in ffmpegDlg.obj
     1>libavcodecd.lib(slicetype.obj) : error LNK2038: mismatch detected for '_ITERATOR_DEBUG_LEVEL': value '2' doesn't match value '0' in ffmpegDlg.obj
     1>libavcodecd.lib(slicetype.obj) : error LNK2038: mismatch detected for 'RuntimeLibrary': value 'MDd_DynamicDebug' doesn't match value 'MD_DynamicRelease' in ffmpegDlg.obj
     1>libavcodecd.lib(dpb.obj) : error LNK2038: mismatch detected for '_ITERATOR_DEBUG_LEVEL': value '2' doesn't match value '0' in ffmpegDlg.obj
     1>libavcodecd.lib(dpb.obj) : error LNK2038: mismatch detected for 'RuntimeLibrary': value 'MDd_DynamicDebug' doesn't match value 'MD_DynamicRelease' in ffmpegDlg.obj
     1>libavcodecd.lib(quant.obj) : error LNK2038: mismatch detected for '_ITERATOR_DEBUG_LEVEL': value '2' doesn't match value '0' in ffmpegDlg.obj
     1>libavcodecd.lib(quant.obj) : error LNK2038: mismatch detected for 'RuntimeLibrary': value 'MDd_DynamicDebug' doesn't match value 'MD_DynamicRelease' in ffmpegDlg.obj
     1>libavcodecd.lib(common.obj) : error LNK2038: mismatch detected for '_ITERATOR_DEBUG_LEVEL': value '2' doesn't match value '0' in ffmpegDlg.obj
     1>libavcodecd.lib(common.obj) : error LNK2038: mismatch detected for 'RuntimeLibrary': value 'MDd_DynamicDebug' doesn't match value 'MD_DynamicRelease' in ffmpegDlg.obj
     1>libavcodecd.lib(primitives.obj) : error LNK2038: mismatch detected for '_ITERATOR_DEBUG_LEVEL': value '2' doesn't match value '0' in ffmpegDlg.obj
     1>libavcodecd.lib(primitives.obj) : error LNK2038: mismatch detected for 'RuntimeLibrary': value 'MDd_DynamicDebug' doesn't match value 'MD_DynamicRelease' in ffmpegDlg.obj
     1>libavcodecd.lib(bitstream.obj) : error LNK2038: mismatch detected for '_ITERATOR_DEBUG_LEVEL': value '2' doesn't match value '0' in ffmpegDlg.obj
     1>libavcodecd.lib(bitstream.obj) : error LNK2038: mismatch detected for 'RuntimeLibrary': value 'MDd_DynamicDebug' doesn't match value 'MD_DynamicRelease' in ffmpegDlg.obj
     1>libavcodecd.lib(frameencoder.obj) : error LNK2038: mismatch detected for '_ITERATOR_DEBUG_LEVEL': value '2' doesn't match value '0' in ffmpegDlg.obj
     1>libavcodecd.lib(frameencoder.obj) : error LNK2038: mismatch detected for 'RuntimeLibrary': value 'MDd_DynamicDebug' doesn't match value 'MD_DynamicRelease' in ffmpegDlg.obj
     1>libavcodecd.lib(param.obj) : error LNK2038: mismatch detected for '_ITERATOR_DEBUG_LEVEL': value '2' doesn't match value '0' in ffmpegDlg.obj
     1>libavcodecd.lib(param.obj) : error LNK2038: mismatch detected for 'RuntimeLibrary': value 'MDd_DynamicDebug' doesn't match value 'MD_DynamicRelease' in ffmpegDlg.obj
     1>libavcodecd.lib(level.obj) : error LNK2038: mismatch detected for '_ITERATOR_DEBUG_LEVEL': value '2' doesn't match value '0' in ffmpegDlg.obj
     1>libavcodecd.lib(level.obj) : error LNK2038: mismatch detected for 'RuntimeLibrary': value 'MDd_DynamicDebug' doesn't match value 'MD_DynamicRelease' in ffmpegDlg.obj
     1>libavcodecd.lib(scalinglist.obj) : error LNK2038: mismatch detected for '_ITERATOR_DEBUG_LEVEL': value '2' doesn't match value '0' in ffmpegDlg.obj
     1>libavcodecd.lib(scalinglist.obj) : error LNK2038: mismatch detected for 'RuntimeLibrary': value 'MDd_DynamicDebug' doesn't match value 'MD_DynamicRelease' in ffmpegDlg.obj
     1>libavcodecd.lib(encoder.obj) : error LNK2038: mismatch detected for '_ITERATOR_DEBUG_LEVEL': value '2' doesn't match value '0' in ffmpegDlg.obj
     1>libavcodecd.lib(encoder.obj) : error LNK2038: mismatch detected for 'RuntimeLibrary': value 'MDd_DynamicDebug' doesn't match value 'MD_DynamicRelease' in ffmpegDlg.obj
     1>libavcodecd.lib(entropy.obj) : error LNK2038: mismatch detected for '_ITERATOR_DEBUG_LEVEL': value '2' doesn't match value '0' in ffmpegDlg.obj
     1>libavcodecd.lib(entropy.obj) : error LNK2038: mismatch detected for 'RuntimeLibrary': value 'MDd_DynamicDebug' doesn't match value 'MD_DynamicRelease' in ffmpegDlg.obj
     1>libavcodecd.lib(bitcost.obj) : error LNK2038: mismatch detected for '_ITERATOR_DEBUG_LEVEL': value '2' doesn't match value '0' in ffmpegDlg.obj
     1>libavcodecd.lib(bitcost.obj) : error LNK2038: mismatch detected for 'RuntimeLibrary': value 'MDd_DynamicDebug' doesn't match value 'MD_DynamicRelease' in ffmpegDlg.obj
     1>libavcodecd.lib(constants.obj) : error LNK2038: mismatch detected for '_ITERATOR_DEBUG_LEVEL': value '2' doesn't match value '0' in ffmpegDlg.obj
     1>libavcodecd.lib(constants.obj) : error LNK2038: mismatch detected for 'RuntimeLibrary': value 'MDd_DynamicDebug' doesn't match value 'MD_DynamicRelease' in ffmpegDlg.obj
     1>libavcodecd.lib(version.obj) : error LNK2038: mismatch detected for '_ITERATOR_DEBUG_LEVEL': value '2' doesn't match value '0' in ffmpegDlg.obj
     1>libavcodecd.lib(version.obj) : error LNK2038: mismatch detected for 'RuntimeLibrary': value 'MDd_DynamicDebug' doesn't match value 'MD_DynamicRelease' in ffmpegDlg.obj
     1>libavcodecd.lib(common.obj) : error LNK2038: mismatch detected for '_ITERATOR_DEBUG_LEVEL': value '2' doesn't match value '0' in ffmpegDlg.obj
     1>libavcodecd.lib(common.obj) : error LNK2038: mismatch detected for 'RuntimeLibrary': value 'MDd_DynamicDebug' doesn't match value 'MD_DynamicRelease' in ffmpegDlg.obj
     1>libavcodecd.lib(primitives.obj) : error LNK2038: mismatch detected for '_ITERATOR_DEBUG_LEVEL': value '2' doesn't match value '0' in ffmpegDlg.obj
     1>libavcodecd.lib(primitives.obj) : error LNK2038: mismatch detected for 'RuntimeLibrary': value 'MDd_DynamicDebug' doesn't match value 'MD_DynamicRelease' in ffmpegDlg.obj
     1>libavcodecd.lib(bitstream.obj) : error LNK2038: mismatch detected for '_ITERATOR_DEBUG_LEVEL': value '2' doesn't match value '0' in ffmpegDlg.obj
     1>libavcodecd.lib(bitstream.obj) : error LNK2038: mismatch detected for 'RuntimeLibrary': value 'MDd_DynamicDebug' doesn't match value 'MD_DynamicRelease' in ffmpegDlg.obj
     1>libavcodecd.lib(frameencoder.obj) : error LNK2038: mismatch detected for '_ITERATOR_DEBUG_LEVEL': value '2' doesn't match value '0' in ffmpegDlg.obj
     1>libavcodecd.lib(frameencoder.obj) : error LNK2038: mismatch detected for 'RuntimeLibrary': value 'MDd_DynamicDebug' doesn't match value 'MD_DynamicRelease' in ffmpegDlg.obj
     1>libavcodecd.lib(param.obj) : error LNK2038: mismatch detected for '_ITERATOR_DEBUG_LEVEL': value '2' doesn't match value '0' in ffmpegDlg.obj
     1>libavcodecd.lib(param.obj) : error LNK2038: mismatch detected for 'RuntimeLibrary': value 'MDd_DynamicDebug' doesn't match value 'MD_DynamicRelease' in ffmpegDlg.obj
     1>libavcodecd.lib(level.obj) : error LNK2038: mismatch detected for '_ITERATOR_DEBUG_LEVEL': value '2' doesn't match value '0' in ffmpegDlg.obj
     1>libavcodecd.lib(level.obj) : error LNK2038: mismatch detected for 'RuntimeLibrary': value 'MDd_DynamicDebug' doesn't match value 'MD_DynamicRelease' in ffmpegDlg.obj
     1>libavcodecd.lib(scalinglist.obj) : error LNK2038: mismatch detected for '_ITERATOR_DEBUG_LEVEL': value '2' doesn't match value '0' in ffmpegDlg.obj
     1>libavcodecd.lib(scalinglist.obj) : error LNK2038: mismatch detected for 'RuntimeLibrary': value 'MDd_DynamicDebug' doesn't match value 'MD_DynamicRelease' in ffmpegDlg.obj
     1>libavcodecd.lib(encoder.obj) : error LNK2038: mismatch detected for '_ITERATOR_DEBUG_LEVEL': value '2' doesn't match value '0' in ffmpegDlg.obj
     1>libavcodecd.lib(encoder.obj) : error LNK2038: mismatch detected for 'RuntimeLibrary': value 'MDd_DynamicDebug' doesn't match value 'MD_DynamicRelease' in ffmpegDlg.obj
     1>libavcodecd.lib(entropy.obj) : error LNK2038: mismatch detected for '_ITERATOR_DEBUG_LEVEL': value '2' doesn't match value '0' in ffmpegDlg.obj
     1>libavcodecd.lib(entropy.obj) : error LNK2038: mismatch detected for 'RuntimeLibrary': value 'MDd_DynamicDebug' doesn't match value 'MD_DynamicRelease' in ffmpegDlg.obj
     1>libavcodecd.lib(bitcost.obj) : error LNK2038: mismatch detected for '_ITERATOR_DEBUG_LEVEL': value '2' doesn't match value '0' in ffmpegDlg.obj
     1>libavcodecd.lib(bitcost.obj) : error LNK2038: mismatch detected for 'RuntimeLibrary': value 'MDd_DynamicDebug' doesn't match value 'MD_DynamicRelease' in ffmpegDlg.obj
     1>libavcodecd.lib(constants.obj) : error LNK2038: mismatch detected for '_ITERATOR_DEBUG_LEVEL': value '2' doesn't match value '0' in ffmpegDlg.obj
     1>libavcodecd.lib(constants.obj) : error LNK2038: mismatch detected for 'RuntimeLibrary': value 'MDd_DynamicDebug' doesn't match value 'MD_DynamicRelease' in ffmpegDlg.obj
     1>libavcodecd.lib(version.obj) : error LNK2038: mismatch detected for '_ITERATOR_DEBUG_LEVEL': value '2' doesn't match value '0' in ffmpegDlg.obj
     1>libavcodecd.lib(version.obj) : error LNK2038: mismatch detected for 'RuntimeLibrary': value 'MDd_DynamicDebug' doesn't match value 'MD_DynamicRelease' in ffmpegDlg.obj
     1>libavcodecd.lib(dct-sse3.obj) : error LNK2038: mismatch detected for '_ITERATOR_DEBUG_LEVEL': value '2' doesn't match value '0' in ffmpegDlg.obj
     1>libavcodecd.lib(dct-sse3.obj) : error LNK2038: mismatch detected for 'RuntimeLibrary': value 'MDd_DynamicDebug' doesn't match value 'MD_DynamicRelease' in ffmpegDlg.obj
     1>libavcodecd.lib(dct-ssse3.obj) : error LNK2038: mismatch detected for '_ITERATOR_DEBUG_LEVEL': value '2' doesn't match value '0' in ffmpegDlg.obj
     1>libavcodecd.lib(dct-ssse3.obj) : error LNK2038: mismatch detected for 'RuntimeLibrary': value 'MDd_DynamicDebug' doesn't match value 'MD_DynamicRelease' in ffmpegDlg.obj
     1>libavcodecd.lib(dct-sse41.obj) : error LNK2038: mismatch detected for '_ITERATOR_DEBUG_LEVEL': value '2' doesn't match value '0' in ffmpegDlg.obj
     1>libavcodecd.lib(dct-sse41.obj) : error LNK2038: mismatch detected for 'RuntimeLibrary': value 'MDd_DynamicDebug' doesn't match value 'MD_DynamicRelease' in ffmpegDlg.obj
     1>libavcodecd.lib(deblock.obj) : error LNK2038: mismatch detected for '_ITERATOR_DEBUG_LEVEL': value '2' doesn't match value '0' in ffmpegDlg.obj
     1>libavcodecd.lib(deblock.obj) : error LNK2038: mismatch detected for 'RuntimeLibrary': value 'MDd_DynamicDebug' doesn't match value 'MD_DynamicRelease' in ffmpegDlg.obj
     1>libavcodecd.lib(yuv.obj) : error LNK2038: mismatch detected for '_ITERATOR_DEBUG_LEVEL': value '2' doesn't match value '0' in ffmpegDlg.obj
     1>libavcodecd.lib(yuv.obj) : error LNK2038: mismatch detected for 'RuntimeLibrary': value 'MDd_DynamicDebug' doesn't match value 'MD_DynamicRelease' in ffmpegDlg.obj
     1>libavcodecd.lib(shortyuv.obj) : error LNK2038: mismatch detected for '_ITERATOR_DEBUG_LEVEL': value '2' doesn't match value '0' in ffmpegDlg.obj
     1>libavcodecd.lib(shortyuv.obj) : error LNK2038: mismatch detected for 'RuntimeLibrary': value 'MDd_DynamicDebug' doesn't match value 'MD_DynamicRelease' in ffmpegDlg.obj
     1>libavcodecd.lib(predict.obj) : error LNK2038: mismatch detected for '_ITERATOR_DEBUG_LEVEL': value '2' doesn't match value '0' in ffmpegDlg.obj
     1>libavcodecd.lib(predict.obj) : error LNK2038: mismatch detected for 'RuntimeLibrary': value 'MDd_DynamicDebug' doesn't match value 'MD_DynamicRelease' in ffmpegDlg.obj
     1>libavcodecd.lib(lowres.obj) : error LNK2038: mismatch detected for '_ITERATOR_DEBUG_LEVEL': value '2' doesn't match value '0' in ffmpegDlg.obj
     1>libavcodecd.lib(lowres.obj) : error LNK2038: mismatch detected for 'RuntimeLibrary': value 'MDd_DynamicDebug' doesn't match value 'MD_DynamicRelease' in ffmpegDlg.obj
     1>libavcodecd.lib(framedata.obj) : error LNK2038: mismatch detected for '_ITERATOR_DEBUG_LEVEL': value '2' doesn't match value '0' in ffmpegDlg.obj
     1>libavcodecd.lib(framedata.obj) : error LNK2038: mismatch detected for 'RuntimeLibrary': value 'MDd_DynamicDebug' doesn't match value 'MD_DynamicRelease' in ffmpegDlg.obj
     1>libavcodecd.lib(metadataFromJson.obj) : error LNK2038: mismatch detected for '_ITERATOR_DEBUG_LEVEL': value '2' doesn't match value '0' in ffmpegDlg.obj
     1>libavcodecd.lib(metadataFromJson.obj) : error LNK2038: mismatch detected for 'RuntimeLibrary': value 'MDd_DynamicDebug' doesn't match value 'MD_DynamicRelease' in ffmpegDlg.obj
     1>libavcodecd.lib(pixel.obj) : error LNK2038: mismatch detected for '_ITERATOR_DEBUG_LEVEL': value '2' doesn't match value '0' in ffmpegDlg.obj
     1>libavcodecd.lib(pixel.obj) : error LNK2038: mismatch detected for 'RuntimeLibrary': value 'MDd_DynamicDebug' doesn't match value 'MD_DynamicRelease' in ffmpegDlg.obj
     1>libavcodecd.lib(dct.obj) : error LNK2038: mismatch detected for '_ITERATOR_DEBUG_LEVEL': value '2' doesn't match value '0' in ffmpegDlg.obj
     1>libavcodecd.lib(dct.obj) : error LNK2038: mismatch detected for 'RuntimeLibrary': value 'MDd_DynamicDebug' doesn't match value 'MD_DynamicRelease' in ffmpegDlg.obj
     1>libavcodecd.lib(ipfilter.obj) : error LNK2038: mismatch detected for '_ITERATOR_DEBUG_LEVEL': value '2' doesn't match value '0' in ffmpegDlg.obj
     1>libavcodecd.lib(ipfilter.obj) : error LNK2038: mismatch detected for 'RuntimeLibrary': value 'MDd_DynamicDebug' doesn't match value 'MD_DynamicRelease' in ffmpegDlg.obj
     1>libavcodecd.lib(IntraPred.obj) : error LNK2038: mismatch detected for '_ITERATOR_DEBUG_LEVEL': value '2' doesn't match value '0' in ffmpegDlg.obj
     1>libavcodecd.lib(IntraPred.obj) : error LNK2038: mismatch detected for 'RuntimeLibrary': value 'MDd_DynamicDebug' doesn't match value 'MD_DynamicRelease' in ffmpegDlg.obj
     1>libavcodecd.lib(loopfilter_c.obj) : error LNK2038: mismatch detected for '_ITERATOR_DEBUG_LEVEL': value '2' doesn't match value '0' in ffmpegDlg.obj
     1>libavcodecd.lib(loopfilter_c.obj) : error LNK2038: mismatch detected for 'RuntimeLibrary': value 'MDd_DynamicDebug' doesn't match value 'MD_DynamicRelease' in ffmpegDlg.obj
     1>libavcodecd.lib(sao.obj) : error LNK2038: mismatch detected for '_ITERATOR_DEBUG_LEVEL': value '2' doesn't match value '0' in ffmpegDlg.obj
     1>libavcodecd.lib(sao.obj) : error LNK2038: mismatch detected for 'RuntimeLibrary': value 'MDd_DynamicDebug' doesn't match value 'MD_DynamicRelease' in ffmpegDlg.obj
     1>libavcodecd.lib(framefilter.obj) : error LNK2038: mismatch detected for '_ITERATOR_DEBUG_LEVEL': value '2' doesn't match value '0' in ffmpegDlg.obj
     1>libavcodecd.lib(framefilter.obj) : error LNK2038: mismatch detected for 'RuntimeLibrary': value 'MDd_DynamicDebug' doesn't match value 'MD_DynamicRelease' in ffmpegDlg.obj
     1>libavcodecd.lib(lowpassdct.obj) : error LNK2038: mismatch detected for '_ITERATOR_DEBUG_LEVEL': value '2' doesn't match value '0' in ffmpegDlg.obj
     1>libavcodecd.lib(lowpassdct.obj) : error LNK2038: mismatch detected for 'RuntimeLibrary': value 'MDd_DynamicDebug' doesn't match value 'MD_DynamicRelease' in ffmpegDlg.obj
     1>libavcodecd.lib(cpu.obj) : error LNK2038: mismatch detected for '_ITERATOR_DEBUG_LEVEL': value '2' doesn't match value '0' in ffmpegDlg.obj
     1>libavcodecd.lib(cpu.obj) : error LNK2038: mismatch detected for 'RuntimeLibrary': value 'MDd_DynamicDebug' doesn't match value 'MD_DynamicRelease' in ffmpegDlg.obj
     1>libavcodecd.lib(md5.obj) : error LNK2038: mismatch detected for '_ITERATOR_DEBUG_LEVEL': value '2' doesn't match value '0' in ffmpegDlg.obj
     1>libavcodecd.lib(md5.obj) : error LNK2038: mismatch detected for 'RuntimeLibrary': value 'MDd_DynamicDebug' doesn't match value 'MD_DynamicRelease' in ffmpegDlg.obj
     1>libavcodecd.lib(picyuv.obj) : error LNK2038: mismatch detected for '_ITERATOR_DEBUG_LEVEL': value '2' doesn't match value '0' in ffmpegDlg.obj
     1>libavcodecd.lib(picyuv.obj) : error LNK2038: mismatch detected for 'RuntimeLibrary': value 'MDd_DynamicDebug' doesn't match value 'MD_DynamicRelease' in ffmpegDlg.obj
     1>libavcodecd.lib(winxp.obj) : error LNK2038: mismatch detected for '_ITERATOR_DEBUG_LEVEL': value '2' doesn't match value '0' in ffmpegDlg.obj
     1>libavcodecd.lib(winxp.obj) : error LNK2038: mismatch detected for 'RuntimeLibrary': value 'MDd_DynamicDebug' doesn't match value 'MD_DynamicRelease' in ffmpegDlg.obj
     1>libavcodecd.lib(threading.obj) : error LNK2038: mismatch detected for '_ITERATOR_DEBUG_LEVEL': value '2' doesn't match value '0' in ffmpegDlg.obj
     1>libavcodecd.lib(threading.obj) : error LNK2038: mismatch detected for 'RuntimeLibrary': value 'MDd_DynamicDebug' doesn't match value 'MD_DynamicRelease' in ffmpegDlg.obj
     1>libavcodecd.lib(slice.obj) : error LNK2038: mismatch detected for '_ITERATOR_DEBUG_LEVEL': value '2' doesn't match value '0' in ffmpegDlg.obj
     1>libavcodecd.lib(slice.obj) : error LNK2038: mismatch detected for 'RuntimeLibrary': value 'MDd_DynamicDebug' doesn't match value 'MD_DynamicRelease' in ffmpegDlg.obj
     1>libavcodecd.lib(cudata.obj) : error LNK2038: mismatch detected for '_ITERATOR_DEBUG_LEVEL': value '2' doesn't match value '0' in ffmpegDlg.obj
     1>libavcodecd.lib(cudata.obj) : error LNK2038: mismatch detected for 'RuntimeLibrary': value 'MDd_DynamicDebug' doesn't match value 'MD_DynamicRelease' in ffmpegDlg.obj
     1>libavcodecd.lib(threadpool.obj) : error LNK2038: mismatch detected for '_ITERATOR_DEBUG_LEVEL': value '2' doesn't match value '0' in ffmpegDlg.obj
     1>libavcodecd.lib(threadpool.obj) : error LNK2038: mismatch detected for 'RuntimeLibrary': value 'MDd_DynamicDebug' doesn't match value 'MD_DynamicRelease' in ffmpegDlg.obj
     1>libavcodecd.lib(wavefront.obj) : error LNK2038: mismatch detected for '_ITERATOR_DEBUG_LEVEL': value '2' doesn't match value '0' in ffmpegDlg.obj
     1>libavcodecd.lib(wavefront.obj) : error LNK2038: mismatch detected for 'RuntimeLibrary': value 'MDd_DynamicDebug' doesn't match value 'MD_DynamicRelease' in ffmpegDlg.obj
     1>libavcodecd.lib(nal.obj) : error LNK2038: mismatch detected for '_ITERATOR_DEBUG_LEVEL': value '2' doesn't match value '0' in ffmpegDlg.obj
     1>libavcodecd.lib(nal.obj) : error LNK2038: mismatch detected for 'RuntimeLibrary': value 'MDd_DynamicDebug' doesn't match value 'MD_DynamicRelease' in ffmpegDlg.obj
     1>libavcodecd.lib(reference.obj) : error LNK2038: mismatch detected for '_ITERATOR_DEBUG_LEVEL': value '2' doesn't match value '0' in ffmpegDlg.obj
     1>libavcodecd.lib(reference.obj) : error LNK2038: mismatch detected for 'RuntimeLibrary': value 'MDd_DynamicDebug' doesn't match value 'MD_DynamicRelease' in ffmpegDlg.obj
     1>libavcodecd.lib(motion.obj) : error LNK2038: mismatch detected for '_ITERATOR_DEBUG_LEVEL': value '2' doesn't match value '0' in ffmpegDlg.obj
     1>libavcodecd.lib(motion.obj) : error LNK2038: mismatch detected for 'RuntimeLibrary': value 'MDd_DynamicDebug' doesn't match value 'MD_DynamicRelease' in ffmpegDlg.obj
     1>libavcodecd.lib(search.obj) : error LNK2038: mismatch detected for '_ITERATOR_DEBUG_LEVEL': value '2' doesn't match value '0' in ffmpegDlg.obj
     1>libavcodecd.lib(search.obj) : error LNK2038: mismatch detected for 'RuntimeLibrary': value 'MDd_DynamicDebug' doesn't match value 'MD_DynamicRelease' in ffmpegDlg.obj
     1>libavcodecd.lib(analysis.obj) : error LNK2038: mismatch detected for '_ITERATOR_DEBUG_LEVEL': value '2' doesn't match value '0' in ffmpegDlg.obj
     1>libavcodecd.lib(analysis.obj) : error LNK2038: mismatch detected for 'RuntimeLibrary': value 'MDd_DynamicDebug' doesn't match value 'MD_DynamicRelease' in ffmpegDlg.obj
     1>libavcodecd.lib(sei.obj) : error LNK2038: mismatch detected for '_ITERATOR_DEBUG_LEVEL': value '2' doesn't match value '0' in ffmpegDlg.obj
     1>libavcodecd.lib(sei.obj) : error LNK2038: mismatch detected for 'RuntimeLibrary': value 'MDd_DynamicDebug' doesn't match value 'MD_DynamicRelease' in ffmpegDlg.obj
     1>libavcodecd.lib(ratecontrol.obj) : error LNK2038: mismatch detected for '_ITERATOR_DEBUG_LEVEL': value '2' doesn't match value '0' in ffmpegDlg.obj
     1>libavcodecd.lib(ratecontrol.obj) : error LNK2038: mismatch detected for 'RuntimeLibrary': value 'MDd_DynamicDebug' doesn't match value 'MD_DynamicRelease' in ffmpegDlg.obj
     1>libavcodecd.lib(weightPrediction.obj) : error LNK2038: mismatch detected for '_ITERATOR_DEBUG_LEVEL': value '2' doesn't match value '0' in ffmpegDlg.obj
     1>libavcodecd.lib(weightPrediction.obj) : error LNK2038: mismatch detected for 'RuntimeLibrary': value 'MDd_DynamicDebug' doesn't match value 'MD_DynamicRelease' in ffmpegDlg.obj
     1>libavcodecd.lib(frame.obj) : error LNK2038: mismatch detected for '_ITERATOR_DEBUG_LEVEL': value '2' doesn't match value '0' in ffmpegDlg.obj
     1>libavcodecd.lib(frame.obj) : error LNK2038: mismatch detected for 'RuntimeLibrary': value 'MDd_DynamicDebug' doesn't match value 'MD_DynamicRelease' in ffmpegDlg.obj
     1>libavcodecd.lib(piclist.obj) : error LNK2038: mismatch detected for '_ITERATOR_DEBUG_LEVEL': value '2' doesn't match value '0' in ffmpegDlg.obj
     1>libavcodecd.lib(piclist.obj) : error LNK2038: mismatch detected for 'RuntimeLibrary': value 'MDd_DynamicDebug' doesn't match value 'MD_DynamicRelease' in ffmpegDlg.obj
     1>libavcodecd.lib(slicetype.obj) : error LNK2038: mismatch detected for '_ITERATOR_DEBUG_LEVEL': value '2' doesn't match value '0' in ffmpegDlg.obj
     1>libavcodecd.lib(slicetype.obj) : error LNK2038: mismatch detected for 'RuntimeLibrary': value 'MDd_DynamicDebug' doesn't match value 'MD_DynamicRelease' in ffmpegDlg.obj
     1>libavcodecd.lib(dpb.obj) : error LNK2038: mismatch detected for '_ITERATOR_DEBUG_LEVEL': value '2' doesn't match value '0' in ffmpegDlg.obj
     1>libavcodecd.lib(dpb.obj) : error LNK2038: mismatch detected for 'RuntimeLibrary': value 'MDd_DynamicDebug' doesn't match value 'MD_DynamicRelease' in ffmpegDlg.obj
     1>libavcodecd.lib(quant.obj) : error LNK2038: mismatch detected for '_ITERATOR_DEBUG_LEVEL': value '2' doesn't match value '0' in ffmpegDlg.obj
     1>libavcodecd.lib(quant.obj) : error LNK2038: mismatch detected for 'RuntimeLibrary': value 'MDd_DynamicDebug' doesn't match value 'MD_DynamicRelease' in ffmpegDlg.obj
     1>libavcodecd.lib(pixel.obj) : error LNK2038: mismatch detected for '_ITERATOR_DEBUG_LEVEL': value '2' doesn't match value '0' in ffmpegDlg.obj
     1>libavcodecd.lib(pixel.obj) : error LNK2038: mismatch detected for 'RuntimeLibrary': value 'MDd_DynamicDebug' doesn't match value 'MD_DynamicRelease' in ffmpegDlg.obj
     1>libavcodecd.lib(dct.obj) : error LNK2038: mismatch detected for '_ITERATOR_DEBUG_LEVEL': value '2' doesn't match value '0' in ffmpegDlg.obj
     1>libavcodecd.lib(dct.obj) : error LNK2038: mismatch detected for 'RuntimeLibrary': value 'MDd_DynamicDebug' doesn't match value 'MD_DynamicRelease' in ffmpegDlg.obj
     1>libavcodecd.lib(ipfilter.obj) : error LNK2038: mismatch detected for '_ITERATOR_DEBUG_LEVEL': value '2' doesn't match value '0' in ffmpegDlg.obj
     1>libavcodecd.lib(ipfilter.obj) : error LNK2038: mismatch detected for 'RuntimeLibrary': value 'MDd_DynamicDebug' doesn't match value 'MD_DynamicRelease' in ffmpegDlg.obj
     1>libavcodecd.lib(IntraPred.obj) : error LNK2038: mismatch detected for '_ITERATOR_DEBUG_LEVEL': value '2' doesn't match value '0' in ffmpegDlg.obj
     1>libavcodecd.lib(IntraPred.obj) : error LNK2038: mismatch detected for 'RuntimeLibrary': value 'MDd_DynamicDebug' doesn't match value 'MD_DynamicRelease' in ffmpegDlg.obj
     1>libavcodecd.lib(loopfilter_c.obj) : error LNK2038: mismatch detected for '_ITERATOR_DEBUG_LEVEL': value '2' doesn't match value '0' in ffmpegDlg.obj
     1>libavcodecd.lib(loopfilter_c.obj) : error LNK2038: mismatch detected for 'RuntimeLibrary': value 'MDd_DynamicDebug' doesn't match value 'MD_DynamicRelease' in ffmpegDlg.obj
     1>libavcodecd.lib(sao.obj) : error LNK2038: mismatch detected for '_ITERATOR_DEBUG_LEVEL': value '2' doesn't match value '0' in ffmpegDlg.obj
     1>libavcodecd.lib(sao.obj) : error LNK2038: mismatch detected for 'RuntimeLibrary': value 'MDd_DynamicDebug' doesn't match value 'MD_DynamicRelease' in ffmpegDlg.obj
     1>libavcodecd.lib(framefilter.obj) : error LNK2038: mismatch detected for '_ITERATOR_DEBUG_LEVEL': value '2' doesn't match value '0' in ffmpegDlg.obj
     1>libavcodecd.lib(framefilter.obj) : error LNK2038: mismatch detected for 'RuntimeLibrary': value 'MDd_DynamicDebug' doesn't match value 'MD_DynamicRelease' in ffmpegDlg.obj
     1>libavcodecd.lib(lowpassdct.obj) : error LNK2038: mismatch detected for '_ITERATOR_DEBUG_LEVEL': value '2' doesn't match value '0' in ffmpegDlg.obj
     1>libavcodecd.lib(lowpassdct.obj) : error LNK2038: mismatch detected for 'RuntimeLibrary': value 'MDd_DynamicDebug' doesn't match value 'MD_DynamicRelease' in ffmpegDlg.obj
     1>libavcodecd.lib(cpu.obj) : error LNK2038: mismatch detected for '_ITERATOR_DEBUG_LEVEL': value '2' doesn't match value '0' in ffmpegDlg.obj
     1>libavcodecd.lib(cpu.obj) : error LNK2038: mismatch detected for 'RuntimeLibrary': value 'MDd_DynamicDebug' doesn't match value 'MD_DynamicRelease' in ffmpegDlg.obj
     1>libavcodecd.lib(md5.obj) : error LNK2038: mismatch detected for '_ITERATOR_DEBUG_LEVEL': value '2' doesn't match value '0' in ffmpegDlg.obj
     1>libavcodecd.lib(md5.obj) : error LNK2038: mismatch detected for 'RuntimeLibrary': value 'MDd_DynamicDebug' doesn't match value 'MD_DynamicRelease' in ffmpegDlg.obj
     1>libavcodecd.lib(picyuv.obj) : error LNK2038: mismatch detected for '_ITERATOR_DEBUG_LEVEL': value '2' doesn't match value '0' in ffmpegDlg.obj
     1>libavcodecd.lib(picyuv.obj) : error LNK2038: mismatch detected for 'RuntimeLibrary': value 'MDd_DynamicDebug' doesn't match value 'MD_DynamicRelease' in ffmpegDlg.obj
     1>libavcodecd.lib(winxp.obj) : error LNK2038: mismatch detected for '_ITERATOR_DEBUG_LEVEL': value '2' doesn't match value '0' in ffmpegDlg.obj
     1>libavcodecd.lib(winxp.obj) : error LNK2038: mismatch detected for 'RuntimeLibrary': value 'MDd_DynamicDebug' doesn't match value 'MD_DynamicRelease' in ffmpegDlg.obj
     1>libavcodecd.lib(threading.obj) : error LNK2038: mismatch detected for '_ITERATOR_DEBUG_LEVEL': value '2' doesn't match value '0' in ffmpegDlg.obj
     1>libavcodecd.lib(threading.obj) : error LNK2038: mismatch detected for 'RuntimeLibrary': value 'MDd_DynamicDebug' doesn't match value 'MD_DynamicRelease' in ffmpegDlg.obj
     1>libavcodecd.lib(slice.obj) : error LNK2038: mismatch detected for '_ITERATOR_DEBUG_LEVEL': value '2' doesn't match value '0' in ffmpegDlg.obj
     1>libavcodecd.lib(slice.obj) : error LNK2038: mismatch detected for 'RuntimeLibrary': value 'MDd_DynamicDebug' doesn't match value 'MD_DynamicRelease' in ffmpegDlg.obj
     1>libavcodecd.lib(cudata.obj) : error LNK2038: mismatch detected for '_ITERATOR_DEBUG_LEVEL': value '2' doesn't match value '0' in ffmpegDlg.obj
     1>libavcodecd.lib(cudata.obj) : error LNK2038: mismatch detected for 'RuntimeLibrary': value 'MDd_DynamicDebug' doesn't match value 'MD_DynamicRelease' in ffmpegDlg.obj
     1>libavcodecd.lib(threadpool.obj) : error LNK2038: mismatch detected for '_ITERATOR_DEBUG_LEVEL': value '2' doesn't match value '0' in ffmpegDlg.obj
     1>libavcodecd.lib(threadpool.obj) : error LNK2038: mismatch detected for 'RuntimeLibrary': value 'MDd_DynamicDebug' doesn't match value 'MD_DynamicRelease' in ffmpegDlg.obj
     1>libavcodecd.lib(wavefront.obj) : error LNK2038: mismatch detected for '_ITERATOR_DEBUG_LEVEL': value '2' doesn't match value '0' in ffmpegDlg.obj
     1>libavcodecd.lib(wavefront.obj) : error LNK2038: mismatch detected for 'RuntimeLibrary': value 'MDd_DynamicDebug' doesn't match value 'MD_DynamicRelease' in ffmpegDlg.obj
     1>libavcodecd.lib(nal.obj) : error LNK2038: mismatch detected for '_ITERATOR_DEBUG_LEVEL': value '2' doesn't match value '0' in ffmpegDlg.obj
     1>libavcodecd.lib(nal.obj) : error LNK2038: mismatch detected for 'RuntimeLibrary': value 'MDd_DynamicDebug' doesn't match value 'MD_DynamicRelease' in ffmpegDlg.obj
     1>libavcodecd.lib(reference.obj) : error LNK2038: mismatch detected for '_ITERATOR_DEBUG_LEVEL': value '2' doesn't match value '0' in ffmpegDlg.obj
     1>libavcodecd.lib(reference.obj) : error LNK2038: mismatch detected for 'RuntimeLibrary': value 'MDd_DynamicDebug' doesn't match value 'MD_DynamicRelease' in ffmpegDlg.obj
     1>libavcodecd.lib(motion.obj) : error LNK2038: mismatch detected for '_ITERATOR_DEBUG_LEVEL': value '2' doesn't match value '0' in ffmpegDlg.obj
     1>libavcodecd.lib(motion.obj) : error LNK2038: mismatch detected for 'RuntimeLibrary': value 'MDd_DynamicDebug' doesn't match value 'MD_DynamicRelease' in ffmpegDlg.obj
     1>libavcodecd.lib(search.obj) : error LNK2038: mismatch detected for '_ITERATOR_DEBUG_LEVEL': value '2' doesn't match value '0' in ffmpegDlg.obj
     1>libavcodecd.lib(search.obj) : error LNK2038: mismatch detected for 'RuntimeLibrary': value 'MDd_DynamicDebug' doesn't match value 'MD_DynamicRelease' in ffmpegDlg.obj
     1>libavcodecd.lib(analysis.obj) : error LNK2038: mismatch detected for '_ITERATOR_DEBUG_LEVEL': value '2' doesn't match value '0' in ffmpegDlg.obj
     1>libavcodecd.lib(analysis.obj) : error LNK2038: mismatch detected for 'RuntimeLibrary': value 'MDd_DynamicDebug' doesn't match value 'MD_DynamicRelease' in ffmpegDlg.obj
     1>libavcodecd.lib(sei.obj) : error LNK2038: mismatch detected for '_ITERATOR_DEBUG_LEVEL': value '2' doesn't match value '0' in ffmpegDlg.obj
     1>libavcodecd.lib(sei.obj) : error LNK2038: mismatch detected for 'RuntimeLibrary': value 'MDd_DynamicDebug' doesn't match value 'MD_DynamicRelease' in ffmpegDlg.obj
     1>libavcodecd.lib(ratecontrol.obj) : error LNK2038: mismatch detected for '_ITERATOR_DEBUG_LEVEL': value '2' doesn't match value '0' in ffmpegDlg.obj
     1>libavcodecd.lib(ratecontrol.obj) : error LNK2038: mismatch detected for 'RuntimeLibrary': value 'MDd_DynamicDebug' doesn't match value 'MD_DynamicRelease' in ffmpegDlg.obj
     1>libavcodecd.lib(weightPrediction.obj) : error LNK2038: mismatch detected for '_ITERATOR_DEBUG_LEVEL': value '2' doesn't match value '0' in ffmpegDlg.obj
     1>libavcodecd.lib(weightPrediction.obj) : error LNK2038: mismatch detected for 'RuntimeLibrary': value 'MDd_DynamicDebug' doesn't match value 'MD_DynamicRelease' in ffmpegDlg.obj
     1>libavcodecd.lib(frame.obj) : error LNK2038: mismatch detected for '_ITERATOR_DEBUG_LEVEL': value '2' doesn't match value '0' in ffmpegDlg.obj
     1>libavcodecd.lib(frame.obj) : error LNK2038: mismatch detected for 'RuntimeLibrary': value 'MDd_DynamicDebug' doesn't match value 'MD_DynamicRelease' in ffmpegDlg.obj
     1>libavcodecd.lib(piclist.obj) : error LNK2038: mismatch detected for '_ITERATOR_DEBUG_LEVEL': value '2' doesn't match value '0' in ffmpegDlg.obj
     1>libavcodecd.lib(piclist.obj) : error LNK2038: mismatch detected for 'RuntimeLibrary': value 'MDd_DynamicDebug' doesn't match value 'MD_DynamicRelease' in ffmpegDlg.obj
     1>libavcodecd.lib(slicetype.obj) : error LNK2038: mismatch detected for '_ITERATOR_DEBUG_LEVEL': value '2' doesn't match value '0' in ffmpegDlg.obj
     1>libavcodecd.lib(slicetype.obj) : error LNK2038: mismatch detected for 'RuntimeLibrary': value 'MDd_DynamicDebug' doesn't match value 'MD_DynamicRelease' in ffmpegDlg.obj
     1>libavcodecd.lib(dpb.obj) : error LNK2038: mismatch detected for '_ITERATOR_DEBUG_LEVEL': value '2' doesn't match value '0' in ffmpegDlg.obj
     1>libavcodecd.lib(dpb.obj) : error LNK2038: mismatch detected for 'RuntimeLibrary': value 'MDd_DynamicDebug' doesn't match value 'MD_DynamicRelease' in ffmpegDlg.obj
     1>libavcodecd.lib(quant.obj) : error LNK2038: mismatch detected for '_ITERATOR_DEBUG_LEVEL': value '2' doesn't match value '0' in ffmpegDlg.obj
     1>libavcodecd.lib(quant.obj) : error LNK2038: mismatch detected for 'RuntimeLibrary': value 'MDd_DynamicDebug' doesn't match value 'MD_DynamicRelease' in ffmpegDlg.obj
     1>libavcodecd.lib(json11.obj) : error LNK2038: mismatch detected for '_ITERATOR_DEBUG_LEVEL': value '2' doesn't match value '0' in ffmpegDlg.obj
     1>libavcodecd.lib(json11.obj) : error LNK2038: mismatch detected for 'RuntimeLibrary': value 'MDd_DynamicDebug' doesn't match value 'MD_DynamicRelease' in ffmpegDlg.obj
     1>libavcodecd.lib(JsonHelper.obj) : error LNK2038: mismatch detected for '_ITERATOR_DEBUG_LEVEL': value '2' doesn't match value '0' in ffmpegDlg.obj
     1>libavcodecd.lib(JsonHelper.obj) : error LNK2038: mismatch detected for 'RuntimeLibrary': value 'MDd_DynamicDebug' doesn't match value 'MD_DynamicRelease' in ffmpegDlg.obj
     1>libavcodecd.lib(SeiMetadataDictionary.obj) : error LNK2038: mismatch detected for '_ITERATOR_DEBUG_LEVEL': value '2' doesn't match value '0' in ffmpegDlg.obj
     1>libavcodecd.lib(SeiMetadataDictionary.obj) : error LNK2038: mismatch detected for 'RuntimeLibrary': value 'MDd_DynamicDebug' doesn't match value 'MD_DynamicRelease' in ffmpegDlg.obj
     1>libavcodecd.lib(deblock.obj) : error LNK2038: mismatch detected for '_ITERATOR_DEBUG_LEVEL': value '2' doesn't match value '0' in ffmpegDlg.obj
     1>libavcodecd.lib(deblock.obj) : error LNK2038: mismatch detected for 'RuntimeLibrary': value 'MDd_DynamicDebug' doesn't match value 'MD_DynamicRelease' in ffmpegDlg.obj
     1>libavcodecd.lib(yuv.obj) : error LNK2038: mismatch detected for '_ITERATOR_DEBUG_LEVEL': value '2' doesn't match value '0' in ffmpegDlg.obj
     1>libavcodecd.lib(yuv.obj) : error LNK2038: mismatch detected for 'RuntimeLibrary': value 'MDd_DynamicDebug' doesn't match value 'MD_DynamicRelease' in ffmpegDlg.obj
     1>libavcodecd.lib(shortyuv.obj) : error LNK2038: mismatch detected for '_ITERATOR_DEBUG_LEVEL': value '2' doesn't match value '0' in ffmpegDlg.obj
     1>libavcodecd.lib(shortyuv.obj) : error LNK2038: mismatch detected for 'RuntimeLibrary': value 'MDd_DynamicDebug' doesn't match value 'MD_DynamicRelease' in ffmpegDlg.obj
     1>libavcodecd.lib(predict.obj) : error LNK2038: mismatch detected for '_ITERATOR_DEBUG_LEVEL': value '2' doesn't match value '0' in ffmpegDlg.obj
     1>libavcodecd.lib(predict.obj) : error LNK2038: mismatch detected for 'RuntimeLibrary': value 'MDd_DynamicDebug' doesn't match value 'MD_DynamicRelease' in ffmpegDlg.obj
     1>libavcodecd.lib(lowres.obj) : error LNK2038: mismatch detected for '_ITERATOR_DEBUG_LEVEL': value '2' doesn't match value '0' in ffmpegDlg.obj
     1>libavcodecd.lib(lowres.obj) : error LNK2038: mismatch detected for 'RuntimeLibrary': value 'MDd_DynamicDebug' doesn't match value 'MD_DynamicRelease' in ffmpegDlg.obj
     1>libavcodecd.lib(framedata.obj) : error LNK2038: mismatch detected for '_ITERATOR_DEBUG_LEVEL': value '2' doesn't match value '0' in ffmpegDlg.obj
     1>libavcodecd.lib(framedata.obj) : error LNK2038: mismatch detected for 'RuntimeLibrary': value 'MDd_DynamicDebug' doesn't match value 'MD_DynamicRelease' in ffmpegDlg.obj
     1>libavcodecd.lib(deblock.obj) : error LNK2038: mismatch detected for '_ITERATOR_DEBUG_LEVEL': value '2' doesn't match value '0' in ffmpegDlg.obj
     1>libavcodecd.lib(deblock.obj) : error LNK2038: mismatch detected for 'RuntimeLibrary': value 'MDd_DynamicDebug' doesn't match value 'MD_DynamicRelease' in ffmpegDlg.obj
     1>libavcodecd.lib(yuv.obj) : error LNK2038: mismatch detected for '_ITERATOR_DEBUG_LEVEL': value '2' doesn't match value '0' in ffmpegDlg.obj
     1>libavcodecd.lib(yuv.obj) : error LNK2038: mismatch detected for 'RuntimeLibrary': value 'MDd_DynamicDebug' doesn't match value 'MD_DynamicRelease' in ffmpegDlg.obj
     1>libavcodecd.lib(shortyuv.obj) : error LNK2038: mismatch detected for '_ITERATOR_DEBUG_LEVEL': value '2' doesn't match value '0' in ffmpegDlg.obj
     1>libavcodecd.lib(shortyuv.obj) : error LNK2038: mismatch detected for 'RuntimeLibrary': value 'MDd_DynamicDebug' doesn't match value 'MD_DynamicRelease' in ffmpegDlg.obj
     1>libavcodecd.lib(predict.obj) : error LNK2038: mismatch detected for '_ITERATOR_DEBUG_LEVEL': value '2' doesn't match value '0' in ffmpegDlg.obj
     1>libavcodecd.lib(predict.obj) : error LNK2038: mismatch detected for 'RuntimeLibrary': value 'MDd_DynamicDebug' doesn't match value 'MD_DynamicRelease' in ffmpegDlg.obj
     1>libavcodecd.lib(lowres.obj) : error LNK2038: mismatch detected for '_ITERATOR_DEBUG_LEVEL': value '2' doesn't match value '0' in ffmpegDlg.obj
     1>libavcodecd.lib(lowres.obj) : error LNK2038: mismatch detected for 'RuntimeLibrary': value 'MDd_DynamicDebug' doesn't match value 'MD_DynamicRelease' in ffmpegDlg.obj
     1>libavcodecd.lib(framedata.obj) : error LNK2038: mismatch detected for '_ITERATOR_DEBUG_LEVEL': value '2' doesn't match value '0' in ffmpegDlg.obj
     1>libavcodecd.lib(framedata.obj) : error LNK2038: mismatch detected for 'RuntimeLibrary': value 'MDd_DynamicDebug' doesn't match value 'MD_DynamicRelease' in ffmpegDlg.obj
            Creating library G:\platform-tools\ffmpeg4.0+SDL2DEMO-PUSH\ffmpeg\Release\ffmpegDEMO.lib and object G:\platform-tools\ffmpeg4.0+SDL2DEMO-PUSH\ffmpeg\Release\ffmpegDEMO.exp
     1>LINK : warning LNK4098: defaultlib 'MSVCRTD' conflicts with use of other libs; use /NODEFAULTLIB:library
     1>G:\platform-tools\ffmpeg4.0+SDL2DEMO-PUSH\ffmpeg\Release\ffmpegDEMO.exe : fatal error LNK1319: 314 mismatches detected
     1>Done Building Project "G:\platform-tools\ffmpeg4.0+SDL2DEMO-PUSH\ffmpeg\ffmpeg\ffmpegDEMO.vcxproj" (Build target(s)) -- FAILED.

Build FAILED.

Time Elapsed 00:00:06.11
