Build started 2021/9/1 9:47:56.
     1>Project "G:\platform-tools\ffmpeg4.0+SDL2DEMO-PUSH-优化后\ffmpeg\ffmpeg\ffmpegDEMO.vcxproj" on node 2 (Build target(s)).
     1>C:\Program Files (x86)\MSBuild\Microsoft.Cpp\v4.0\V120\Microsoft.CppBuild.targets(388,5): warning MSB8028: The intermediate directory (Debug\) contains files shared from another project (ffmpeg.vcxproj).  This can lead to incorrect clean and rebuild behavior.
     1>ClCompile:
         D:\vs\VC\bin\CL.exe /c /I.\include /I"..\..\ffmpeg-4.1-vs-static\msvc\include" /ZI /nologo /W3 /WX- /sdl- /Od /Oy- /D WIN32 /D _WINDOWS /D _DEBUG /D _CRT_SECURE_NO_WARNINGS /D _UNICODE /D UNICODE /D _AFXDLL /Gm /EHsc /RTC1 /MDd /GS /fp:precise /Zc:wchar_t /Zc:forScope /Yc"stdafx.h" /Fp"Debug\ffmpegDEMO.pch" /Fo"Debug\\" /Fd"Debug\vc120.pdb" /Gd /TP /analyze- /errorReport:prompt /wd4430 stdafx.cpp
         stdafx.cpp
     1>c:\program files (x86)\windows kits\8.1\include\um\winsock2.h(776): warning C4005: 'EWOULDBLOCK' : macro redefinition
                 d:\vs\vc\include\errno.h(132) : see previous definition of 'EWOULDBLOCK'
     1>c:\program files (x86)\windows kits\8.1\include\um\winsock2.h(777): warning C4005: 'EINPROGRESS' : macro redefinition
                 d:\vs\vc\include\errno.h(104) : see previous definition of 'EINPROGRESS'
     1>c:\program files (x86)\windows kits\8.1\include\um\winsock2.h(778): warning C4005: 'EALREADY' : macro redefinition
                 d:\vs\vc\include\errno.h(95) : see previous definition of 'EALREADY'
     1>c:\program files (x86)\windows kits\8.1\include\um\winsock2.h(779): warning C4005: 'ENOTSOCK' : macro redefinition
                 d:\vs\vc\include\errno.h(120) : see previous definition of 'ENOTSOCK'
     1>c:\program files (x86)\windows kits\8.1\include\um\winsock2.h(780): warning C4005: 'EDESTADDRREQ' : macro redefinition
                 d:\vs\vc\include\errno.h(101) : see previous definition of 'EDESTADDRREQ'
     1>c:\program files (x86)\windows kits\8.1\include\um\winsock2.h(781): warning C4005: 'EMSGSIZE' : macro redefinition
                 d:\vs\vc\include\errno.h(107) : see previous definition of 'EMSGSIZE'
     1>c:\program files (x86)\windows kits\8.1\include\um\winsock2.h(782): warning C4005: 'EPROTOTYPE' : macro redefinition
                 d:\vs\vc\include\errno.h(128) : see previous definition of 'EPROTOTYPE'
     1>c:\program files (x86)\windows kits\8.1\include\um\winsock2.h(783): warning C4005: 'ENOPROTOOPT' : macro redefinition
                 d:\vs\vc\include\errno.h(115) : see previous definition of 'ENOPROTOOPT'
     1>c:\program files (x86)\windows kits\8.1\include\um\winsock2.h(784): warning C4005: 'EPROTONOSUPPORT' : macro redefinition
                 d:\vs\vc\include\errno.h(127) : see previous definition of 'EPROTONOSUPPORT'
     1>c:\program files (x86)\windows kits\8.1\include\um\winsock2.h(786): warning C4005: 'EOPNOTSUPP' : macro redefinition
                 d:\vs\vc\include\errno.h(122) : see previous definition of 'EOPNOTSUPP'
     1>c:\program files (x86)\windows kits\8.1\include\um\winsock2.h(788): warning C4005: 'EAFNOSUPPORT' : macro redefinition
                 d:\vs\vc\include\errno.h(94) : see previous definition of 'EAFNOSUPPORT'
     1>c:\program files (x86)\windows kits\8.1\include\um\winsock2.h(789): warning C4005: 'EADDRINUSE' : macro redefinition
                 d:\vs\vc\include\errno.h(92) : see previous definition of 'EADDRINUSE'
     1>c:\program files (x86)\windows kits\8.1\include\um\winsock2.h(790): warning C4005: 'EADDRNOTAVAIL' : macro redefinition
                 d:\vs\vc\include\errno.h(93) : see previous definition of 'EADDRNOTAVAIL'
     1>c:\program files (x86)\windows kits\8.1\include\um\winsock2.h(791): warning C4005: 'ENETDOWN' : macro redefinition
                 d:\vs\vc\include\errno.h(108) : see previous definition of 'ENETDOWN'
     1>c:\program files (x86)\windows kits\8.1\include\um\winsock2.h(792): warning C4005: 'ENETUNREACH' : macro redefinition
                 d:\vs\vc\include\errno.h(110) : see previous definition of 'ENETUNREACH'
     1>c:\program files (x86)\windows kits\8.1\include\um\winsock2.h(793): warning C4005: 'ENETRESET' : macro redefinition
                 d:\vs\vc\include\errno.h(109) : see previous definition of 'ENETRESET'
     1>c:\program files (x86)\windows kits\8.1\include\um\winsock2.h(794): warning C4005: 'ECONNABORTED' : macro redefinition
                 d:\vs\vc\include\errno.h(98) : see previous definition of 'ECONNABORTED'
     1>c:\program files (x86)\windows kits\8.1\include\um\winsock2.h(795): warning C4005: 'ECONNRESET' : macro redefinition
                 d:\vs\vc\include\errno.h(100) : see previous definition of 'ECONNRESET'
     1>c:\program files (x86)\windows kits\8.1\include\um\winsock2.h(796): warning C4005: 'ENOBUFS' : macro redefinition
                 d:\vs\vc\include\errno.h(111) : see previous definition of 'ENOBUFS'
     1>c:\program files (x86)\windows kits\8.1\include\um\winsock2.h(797): warning C4005: 'EISCONN' : macro redefinition
                 d:\vs\vc\include\errno.h(105) : see previous definition of 'EISCONN'
     1>c:\program files (x86)\windows kits\8.1\include\um\winsock2.h(798): warning C4005: 'ENOTCONN' : macro redefinition
                 d:\vs\vc\include\errno.h(118) : see previous definition of 'ENOTCONN'
     1>c:\program files (x86)\windows kits\8.1\include\um\winsock2.h(801): warning C4005: 'ETIMEDOUT' : macro redefinition
                 d:\vs\vc\include\errno.h(130) : see previous definition of 'ETIMEDOUT'
     1>c:\program files (x86)\windows kits\8.1\include\um\winsock2.h(802): warning C4005: 'ECONNREFUSED' : macro redefinition
                 d:\vs\vc\include\errno.h(99) : see previous definition of 'ECONNREFUSED'
     1>c:\program files (x86)\windows kits\8.1\include\um\winsock2.h(803): warning C4005: 'ELOOP' : macro redefinition
                 d:\vs\vc\include\errno.h(106) : see previous definition of 'ELOOP'
     1>c:\program files (x86)\windows kits\8.1\include\um\winsock2.h(804): warning C4005: 'ENAMETOOLONG' : macro redefinition
                 d:\vs\vc\include\errno.h(71) : see previous definition of 'ENAMETOOLONG'
     1>c:\program files (x86)\windows kits\8.1\include\um\winsock2.h(806): warning C4005: 'EHOSTUNREACH' : macro redefinition
                 d:\vs\vc\include\errno.h(102) : see previous definition of 'EHOSTUNREACH'
     1>c:\program files (x86)\windows kits\8.1\include\um\winsock2.h(807): warning C4005: 'ENOTEMPTY' : macro redefinition
                 d:\vs\vc\include\errno.h(74) : see previous definition of 'ENOTEMPTY'
         D:\vs\VC\bin\CL.exe /c /I.\include /I"..\..\ffmpeg-4.1-vs-static\msvc\include" /ZI /nologo /W3 /WX- /sdl- /Od /Oy- /D WIN32 /D _WINDOWS /D _DEBUG /D _CRT_SECURE_NO_WARNINGS /D _UNICODE /D UNICODE /D _AFXDLL /Gm /EHsc /RTC1 /MDd /GS /fp:precise /Zc:wchar_t /Zc:forScope /Yu"stdafx.h" /Fp"Debug\ffmpegDEMO.pch" /Fo"Debug\\" /Fd"Debug\vc120.pdb" /Gd /TP /analyze- /errorReport:prompt /wd4430 decodeStream.cpp encodeStream.cpp ffmpeg.cpp ffmpegDlg.cpp getCameraStream.cpp playStream.cpp pushStream.cpp
         pushStream.cpp
     1>g:\platform-tools\ffmpeg4.0+sdl2demo-push-优化后\ffmpeg\ffmpeg\include\libavutil\rational.h : warning C4819: The file contains a character that cannot be represented in the current code page (936). Save the file in Unicode format to prevent data loss
         playStream.cpp
         getCameraStream.cpp
     1>g:\platform-tools\ffmpeg4.0+sdl2demo-push-优化后\ffmpeg\ffmpeg\include\libavutil\rational.h : warning C4819: The file contains a character that cannot be represented in the current code page (936). Save the file in Unicode format to prevent data loss
     1>g:\platform-tools\ffmpeg4.0+sdl2demo-push-优化后\ffmpeg\ffmpeg\getcamerastream.cpp(61): warning C4018: '<' : signed/unsigned mismatch
         ffmpegDlg.cpp
     1>g:\platform-tools\ffmpeg4.0+sdl2demo-push-优化后\ffmpeg\ffmpeg\ffmpegdlg.cpp(1): warning C4603: '__STDC_CONSTANT_MACROS' : macro is not defined or definition is different after precompiled header use
                 Add macro to precompiled header instead of defining here
                 g:\platform-tools\ffmpeg4.0+sdl2demo-push-优化后\ffmpeg\ffmpeg\ffmpegdlg.cpp(2) : use of precompiled header
     1>g:\platform-tools\ffmpeg4.0+sdl2demo-push-优化后\ffmpeg\ffmpeg\include\libavutil\rational.h : warning C4819: The file contains a character that cannot be represented in the current code page (936). Save the file in Unicode format to prevent data loss
     1>g:\platform-tools\ffmpeg4.0+sdl2demo-push-优化后\ffmpeg\ffmpeg\ffmpegdlg.cpp(206): warning C4996: 'av_register_all': was declared deprecated
                 g:\platform-tools\ffmpeg4.0+sdl2demo-push-优化后\ffmpeg\ffmpeg\include\libavformat\avformat.h(2025) : see declaration of 'av_register_all'
         ffmpeg.cpp
     1>g:\platform-tools\ffmpeg4.0+sdl2demo-push-优化后\ffmpeg\ffmpeg\include\libavutil\rational.h : warning C4819: The file contains a character that cannot be represented in the current code page (936). Save the file in Unicode format to prevent data loss
         encodeStream.cpp
     1>g:\platform-tools\ffmpeg4.0+sdl2demo-push-优化后\ffmpeg\ffmpeg\include\libavutil\rational.h : warning C4819: The file contains a character that cannot be represented in the current code page (936). Save the file in Unicode format to prevent data loss
     1>g:\platform-tools\ffmpeg4.0+sdl2demo-push-优化后\ffmpeg\ffmpeg\encodestream.cpp(109): warning C4244: '=' : conversion from 'double' to 'int64_t', possible loss of data
     1>g:\platform-tools\ffmpeg4.0+sdl2demo-push-优化后\ffmpeg\ffmpeg\encodestream.cpp(111): warning C4244: '=' : conversion from 'double' to 'int64_t', possible loss of data
     1>g:\platform-tools\ffmpeg4.0+sdl2demo-push-优化后\ffmpeg\ffmpeg\encodestream.cpp(113): warning C4244: '=' : conversion from 'double' to 'int64_t', possible loss of data
     1>g:\platform-tools\ffmpeg4.0+sdl2demo-push-优化后\ffmpeg\ffmpeg\encodestream.cpp(121): warning C4244: '=' : conversion from 'double' to 'int64_t', possible loss of data
     1>g:\platform-tools\ffmpeg4.0+sdl2demo-push-优化后\ffmpeg\ffmpeg\encodestream.cpp(131): warning C4244: 'argument' : conversion from 'int64_t' to 'unsigned int', possible loss of data
         decodeStream.cpp
     1>g:\platform-tools\ffmpeg4.0+sdl2demo-push-优化后\ffmpeg\ffmpeg\include\libavutil\rational.h : warning C4819: The file contains a character that cannot be represented in the current code page (936). Save the file in Unicode format to prevent data loss
         Generating Code...
     1>g:\platform-tools\ffmpeg4.0+sdl2demo-push-优化后\ffmpeg\ffmpeg\encodestream.cpp(24): warning C4700: uninitialized local variable 'handle' used
     1>g:\platform-tools\ffmpeg4.0+sdl2demo-push-优化后\ffmpeg\ffmpeg\ffmpegdlg.cpp(325): warning C4715: 'CffmpegDlg::InitSDL' : not all control paths return a value
       ResourceCompile:
         C:\Program Files (x86)\Windows Kits\8.1\bin\x86\rc.exe /D _DEBUG /D _UNICODE /D UNICODE /D _AFXDLL /l"0x0409" /IDebug\ /nologo /fo"Debug\ffmpeg.res" ffmpeg.rc 
       Link:
         D:\vs\VC\bin\link.exe /ERRORREPORT:PROMPT /OUT:"G:\platform-tools\ffmpeg4.0+SDL2DEMO-PUSH-优化后\ffmpeg\Debug\ffmpegDEMO.exe" /INCREMENTAL /NOLOGO /LIBPATH:"../../ffmpeg-4.1-vs-share/msvc/lib/x86" libavcodecd.lib libavdeviced.lib libavfilterd.lib libavformatd.lib libavutild.lib postproc.lib swresample.lib swscale.lib SDL2.lib SDL2main.lib SDL2test.lib /MANIFEST /MANIFESTUAC:"level='asInvoker' uiAccess='false'" /manifest:embed /manifestinput:D:\vs\VC\Include\Manifest\dpiaware.manifest /DEBUG /PDB:"G:\platform-tools\ffmpeg4.0+SDL2DEMO-PUSH-优化后\ffmpeg\Debug\ffmpegDEMO.pdb" /SUBSYSTEM:WINDOWS /STACK:"40971520","40971520" /LARGEADDRESSAWARE /TLBID:1 /ENTRY:"wWinMainCRTStartup" /DYNAMICBASE /NXCOMPAT /IMPLIB:"G:\platform-tools\ffmpeg4.0+SDL2DEMO-PUSH-优化后\ffmpeg\Debug\ffmpegDEMO.lib" /MACHINE:X86 /SAFESEH:NO Debug\ffmpeg.res
         Debug\decodeStream.obj
         Debug\encodeStream.obj
         Debug\ffmpeg.obj
         Debug\ffmpegDlg.obj
         Debug\getCameraStream.obj
         Debug\playStream.obj
         Debug\pushStream.obj
         Debug\stdafx.obj
            Creating library G:\platform-tools\ffmpeg4.0+SDL2DEMO-PUSH-优化后\ffmpeg\Debug\ffmpegDEMO.lib and object G:\platform-tools\ffmpeg4.0+SDL2DEMO-PUSH-优化后\ffmpeg\Debug\ffmpegDEMO.exp
     1>libavcodecd.lib(libx264.obj) : warning LNK4049: locally defined symbol _x264_levels imported
     1>libavutild.lib(parseutils.obj) : warning LNK4049: locally defined symbol _avpriv_strtod imported
     1>libavformatd.lib(movenc.obj) : warning LNK4217: locally defined symbol _avpriv_strtod imported in function _mov_write_loci_tag
     1>libavformatd.lib(sbgdec.obj) : warning LNK4049: locally defined symbol _avpriv_strtod imported
     1>libavformatd.lib(rtmpproto.obj) : warning LNK4049: locally defined symbol _avpriv_strtod imported
     1>libavutild.lib(eval.obj) : warning LNK4049: locally defined symbol _avpriv_strtod imported
     1>libavcodecd.lib(bitstream.obj) : warning LNK4099: PDB 'libx265_10bd.pdb' was not found with 'libavcodecd.lib(bitstream.obj)' or at 'G:\platform-tools\ffmpeg4.0+SDL2DEMO-PUSH-优化后\ffmpeg\Debug\libx265_10bd.pdb'; linking object as if no debug info
     1>libavcodecd.lib(common.obj) : warning LNK4099: PDB 'libx265_10bd.pdb' was not found with 'libavcodecd.lib(common.obj)' or at 'G:\platform-tools\ffmpeg4.0+SDL2DEMO-PUSH-优化后\ffmpeg\Debug\libx265_10bd.pdb'; linking object as if no debug info
     1>libavcodecd.lib(constants.obj) : warning LNK4099: PDB 'libx265_10bd.pdb' was not found with 'libavcodecd.lib(constants.obj)' or at 'G:\platform-tools\ffmpeg4.0+SDL2DEMO-PUSH-优化后\ffmpeg\Debug\libx265_10bd.pdb'; linking object as if no debug info
     1>libavcodecd.lib(cpu.obj) : warning LNK4099: PDB 'libx265_10bd.pdb' was not found with 'libavcodecd.lib(cpu.obj)' or at 'G:\platform-tools\ffmpeg4.0+SDL2DEMO-PUSH-优化后\ffmpeg\Debug\libx265_10bd.pdb'; linking object as if no debug info
     1>libavcodecd.lib(cudata.obj) : warning LNK4099: PDB 'libx265_10bd.pdb' was not found with 'libavcodecd.lib(cudata.obj)' or at 'G:\platform-tools\ffmpeg4.0+SDL2DEMO-PUSH-优化后\ffmpeg\Debug\libx265_10bd.pdb'; linking object as if no debug info
     1>libavcodecd.lib(dct.obj) : warning LNK4099: PDB 'libx265_10bd.pdb' was not found with 'libavcodecd.lib(dct.obj)' or at 'G:\platform-tools\ffmpeg4.0+SDL2DEMO-PUSH-优化后\ffmpeg\Debug\libx265_10bd.pdb'; linking object as if no debug info
     1>libavcodecd.lib(deblock.obj) : warning LNK4099: PDB 'libx265_10bd.pdb' was not found with 'libavcodecd.lib(deblock.obj)' or at 'G:\platform-tools\ffmpeg4.0+SDL2DEMO-PUSH-优化后\ffmpeg\Debug\libx265_10bd.pdb'; linking object as if no debug info
     1>libavcodecd.lib(frame.obj) : warning LNK4099: PDB 'libx265_10bd.pdb' was not found with 'libavcodecd.lib(frame.obj)' or at 'G:\platform-tools\ffmpeg4.0+SDL2DEMO-PUSH-优化后\ffmpeg\Debug\libx265_10bd.pdb'; linking object as if no debug info
     1>libavcodecd.lib(framedata.obj) : warning LNK4099: PDB 'libx265_10bd.pdb' was not found with 'libavcodecd.lib(framedata.obj)' or at 'G:\platform-tools\ffmpeg4.0+SDL2DEMO-PUSH-优化后\ffmpeg\Debug\libx265_10bd.pdb'; linking object as if no debug info
     1>libavcodecd.lib(IntraPred.obj) : warning LNK4099: PDB 'libx265_10bd.pdb' was not found with 'libavcodecd.lib(IntraPred.obj)' or at 'G:\platform-tools\ffmpeg4.0+SDL2DEMO-PUSH-优化后\ffmpeg\Debug\libx265_10bd.pdb'; linking object as if no debug info
     1>libavcodecd.lib(ipfilter.obj) : warning LNK4099: PDB 'libx265_10bd.pdb' was not found with 'libavcodecd.lib(ipfilter.obj)' or at 'G:\platform-tools\ffmpeg4.0+SDL2DEMO-PUSH-优化后\ffmpeg\Debug\libx265_10bd.pdb'; linking object as if no debug info
     1>libavcodecd.lib(lowpassdct.obj) : warning LNK4099: PDB 'libx265_10bd.pdb' was not found with 'libavcodecd.lib(lowpassdct.obj)' or at 'G:\platform-tools\ffmpeg4.0+SDL2DEMO-PUSH-优化后\ffmpeg\Debug\libx265_10bd.pdb'; linking object as if no debug info
     1>libavcodecd.lib(lowres.obj) : warning LNK4099: PDB 'libx265_10bd.pdb' was not found with 'libavcodecd.lib(lowres.obj)' or at 'G:\platform-tools\ffmpeg4.0+SDL2DEMO-PUSH-优化后\ffmpeg\Debug\libx265_10bd.pdb'; linking object as if no debug info
     1>libavcodecd.lib(md5.obj) : warning LNK4099: PDB 'libx265_10bd.pdb' was not found with 'libavcodecd.lib(md5.obj)' or at 'G:\platform-tools\ffmpeg4.0+SDL2DEMO-PUSH-优化后\ffmpeg\Debug\libx265_10bd.pdb'; linking object as if no debug info
     1>libavcodecd.lib(param.obj) : warning LNK4099: PDB 'libx265_10bd.pdb' was not found with 'libavcodecd.lib(param.obj)' or at 'G:\platform-tools\ffmpeg4.0+SDL2DEMO-PUSH-优化后\ffmpeg\Debug\libx265_10bd.pdb'; linking object as if no debug info
     1>libavcodecd.lib(piclist.obj) : warning LNK4099: PDB 'libx265_10bd.pdb' was not found with 'libavcodecd.lib(piclist.obj)' or at 'G:\platform-tools\ffmpeg4.0+SDL2DEMO-PUSH-优化后\ffmpeg\Debug\libx265_10bd.pdb'; linking object as if no debug info
     1>libavcodecd.lib(picyuv.obj) : warning LNK4099: PDB 'libx265_10bd.pdb' was not found with 'libavcodecd.lib(picyuv.obj)' or at 'G:\platform-tools\ffmpeg4.0+SDL2DEMO-PUSH-优化后\ffmpeg\Debug\libx265_10bd.pdb'; linking object as if no debug info
     1>libavcodecd.lib(pixel.obj) : warning LNK4099: PDB 'libx265_10bd.pdb' was not found with 'libavcodecd.lib(pixel.obj)' or at 'G:\platform-tools\ffmpeg4.0+SDL2DEMO-PUSH-优化后\ffmpeg\Debug\libx265_10bd.pdb'; linking object as if no debug info
     1>libavcodecd.lib(predict.obj) : warning LNK4099: PDB 'libx265_10bd.pdb' was not found with 'libavcodecd.lib(predict.obj)' or at 'G:\platform-tools\ffmpeg4.0+SDL2DEMO-PUSH-优化后\ffmpeg\Debug\libx265_10bd.pdb'; linking object as if no debug info
     1>libavcodecd.lib(primitives.obj) : warning LNK4099: PDB 'libx265_10bd.pdb' was not found with 'libavcodecd.lib(primitives.obj)' or at 'G:\platform-tools\ffmpeg4.0+SDL2DEMO-PUSH-优化后\ffmpeg\Debug\libx265_10bd.pdb'; linking object as if no debug info
     1>libavcodecd.lib(quant.obj) : warning LNK4099: PDB 'libx265_10bd.pdb' was not found with 'libavcodecd.lib(quant.obj)' or at 'G:\platform-tools\ffmpeg4.0+SDL2DEMO-PUSH-优化后\ffmpeg\Debug\libx265_10bd.pdb'; linking object as if no debug info
     1>libavcodecd.lib(scalinglist.obj) : warning LNK4099: PDB 'libx265_10bd.pdb' was not found with 'libavcodecd.lib(scalinglist.obj)' or at 'G:\platform-tools\ffmpeg4.0+SDL2DEMO-PUSH-优化后\ffmpeg\Debug\libx265_10bd.pdb'; linking object as if no debug info
     1>libavcodecd.lib(shortyuv.obj) : warning LNK4099: PDB 'libx265_10bd.pdb' was not found with 'libavcodecd.lib(shortyuv.obj)' or at 'G:\platform-tools\ffmpeg4.0+SDL2DEMO-PUSH-优化后\ffmpeg\Debug\libx265_10bd.pdb'; linking object as if no debug info
     1>libavcodecd.lib(slice.obj) : warning LNK4099: PDB 'libx265_10bd.pdb' was not found with 'libavcodecd.lib(slice.obj)' or at 'G:\platform-tools\ffmpeg4.0+SDL2DEMO-PUSH-优化后\ffmpeg\Debug\libx265_10bd.pdb'; linking object as if no debug info
     1>libavcodecd.lib(threading.obj) : warning LNK4099: PDB 'libx265_10bd.pdb' was not found with 'libavcodecd.lib(threading.obj)' or at 'G:\platform-tools\ffmpeg4.0+SDL2DEMO-PUSH-优化后\ffmpeg\Debug\libx265_10bd.pdb'; linking object as if no debug info
     1>libavcodecd.lib(threadpool.obj) : warning LNK4099: PDB 'libx265_10bd.pdb' was not found with 'libavcodecd.lib(threadpool.obj)' or at 'G:\platform-tools\ffmpeg4.0+SDL2DEMO-PUSH-优化后\ffmpeg\Debug\libx265_10bd.pdb'; linking object as if no debug info
     1>libavcodecd.lib(version.obj) : warning LNK4099: PDB 'libx265_10bd.pdb' was not found with 'libavcodecd.lib(version.obj)' or at 'G:\platform-tools\ffmpeg4.0+SDL2DEMO-PUSH-优化后\ffmpeg\Debug\libx265_10bd.pdb'; linking object as if no debug info
     1>libavcodecd.lib(wavefront.obj) : warning LNK4099: PDB 'libx265_10bd.pdb' was not found with 'libavcodecd.lib(wavefront.obj)' or at 'G:\platform-tools\ffmpeg4.0+SDL2DEMO-PUSH-优化后\ffmpeg\Debug\libx265_10bd.pdb'; linking object as if no debug info
     1>libavcodecd.lib(winxp.obj) : warning LNK4099: PDB 'libx265_10bd.pdb' was not found with 'libavcodecd.lib(winxp.obj)' or at 'G:\platform-tools\ffmpeg4.0+SDL2DEMO-PUSH-优化后\ffmpeg\Debug\libx265_10bd.pdb'; linking object as if no debug info
     1>libavcodecd.lib(yuv.obj) : warning LNK4099: PDB 'libx265_10bd.pdb' was not found with 'libavcodecd.lib(yuv.obj)' or at 'G:\platform-tools\ffmpeg4.0+SDL2DEMO-PUSH-优化后\ffmpeg\Debug\libx265_10bd.pdb'; linking object as if no debug info
     1>libavcodecd.lib(analysis.obj) : warning LNK4099: PDB 'libx265_10bd.pdb' was not found with 'libavcodecd.lib(analysis.obj)' or at 'G:\platform-tools\ffmpeg4.0+SDL2DEMO-PUSH-优化后\ffmpeg\Debug\libx265_10bd.pdb'; linking object as if no debug info
     1>libavcodecd.lib(api.obj) : warning LNK4099: PDB 'libx265_10bd.pdb' was not found with 'libavcodecd.lib(api.obj)' or at 'G:\platform-tools\ffmpeg4.0+SDL2DEMO-PUSH-优化后\ffmpeg\Debug\libx265_10bd.pdb'; linking object as if no debug info
     1>libavcodecd.lib(bitcost.obj) : warning LNK4099: PDB 'libx265_10bd.pdb' was not found with 'libavcodecd.lib(bitcost.obj)' or at 'G:\platform-tools\ffmpeg4.0+SDL2DEMO-PUSH-优化后\ffmpeg\Debug\libx265_10bd.pdb'; linking object as if no debug info
     1>libavcodecd.lib(dpb.obj) : warning LNK4099: PDB 'libx265_10bd.pdb' was not found with 'libavcodecd.lib(dpb.obj)' or at 'G:\platform-tools\ffmpeg4.0+SDL2DEMO-PUSH-优化后\ffmpeg\Debug\libx265_10bd.pdb'; linking object as if no debug info
     1>libavcodecd.lib(encoder.obj) : warning LNK4099: PDB 'libx265_10bd.pdb' was not found with 'libavcodecd.lib(encoder.obj)' or at 'G:\platform-tools\ffmpeg4.0+SDL2DEMO-PUSH-优化后\ffmpeg\Debug\libx265_10bd.pdb'; linking object as if no debug info
     1>libavcodecd.lib(entropy.obj) : warning LNK4099: PDB 'libx265_10bd.pdb' was not found with 'libavcodecd.lib(entropy.obj)' or at 'G:\platform-tools\ffmpeg4.0+SDL2DEMO-PUSH-优化后\ffmpeg\Debug\libx265_10bd.pdb'; linking object as if no debug info
     1>libavcodecd.lib(frameencoder.obj) : warning LNK4099: PDB 'libx265_10bd.pdb' was not found with 'libavcodecd.lib(frameencoder.obj)' or at 'G:\platform-tools\ffmpeg4.0+SDL2DEMO-PUSH-优化后\ffmpeg\Debug\libx265_10bd.pdb'; linking object as if no debug info
     1>libavcodecd.lib(framefilter.obj) : warning LNK4099: PDB 'libx265_10bd.pdb' was not found with 'libavcodecd.lib(framefilter.obj)' or at 'G:\platform-tools\ffmpeg4.0+SDL2DEMO-PUSH-优化后\ffmpeg\Debug\libx265_10bd.pdb'; linking object as if no debug info
     1>libavcodecd.lib(level.obj) : warning LNK4099: PDB 'libx265_10bd.pdb' was not found with 'libavcodecd.lib(level.obj)' or at 'G:\platform-tools\ffmpeg4.0+SDL2DEMO-PUSH-优化后\ffmpeg\Debug\libx265_10bd.pdb'; linking object as if no debug info
     1>libavcodecd.lib(motion.obj) : warning LNK4099: PDB 'libx265_10bd.pdb' was not found with 'libavcodecd.lib(motion.obj)' or at 'G:\platform-tools\ffmpeg4.0+SDL2DEMO-PUSH-优化后\ffmpeg\Debug\libx265_10bd.pdb'; linking object as if no debug info
     1>libavcodecd.lib(nal.obj) : warning LNK4099: PDB 'libx265_10bd.pdb' was not found with 'libavcodecd.lib(nal.obj)' or at 'G:\platform-tools\ffmpeg4.0+SDL2DEMO-PUSH-优化后\ffmpeg\Debug\libx265_10bd.pdb'; linking object as if no debug info
     1>libavcodecd.lib(ratecontrol.obj) : warning LNK4099: PDB 'libx265_10bd.pdb' was not found with 'libavcodecd.lib(ratecontrol.obj)' or at 'G:\platform-tools\ffmpeg4.0+SDL2DEMO-PUSH-优化后\ffmpeg\Debug\libx265_10bd.pdb'; linking object as if no debug info
     1>libavcodecd.lib(reference.obj) : warning LNK4099: PDB 'libx265_10bd.pdb' was not found with 'libavcodecd.lib(reference.obj)' or at 'G:\platform-tools\ffmpeg4.0+SDL2DEMO-PUSH-优化后\ffmpeg\Debug\libx265_10bd.pdb'; linking object as if no debug info
     1>libavcodecd.lib(sao.obj) : warning LNK4099: PDB 'libx265_10bd.pdb' was not found with 'libavcodecd.lib(sao.obj)' or at 'G:\platform-tools\ffmpeg4.0+SDL2DEMO-PUSH-优化后\ffmpeg\Debug\libx265_10bd.pdb'; linking object as if no debug info
     1>libavcodecd.lib(search.obj) : warning LNK4099: PDB 'libx265_10bd.pdb' was not found with 'libavcodecd.lib(search.obj)' or at 'G:\platform-tools\ffmpeg4.0+SDL2DEMO-PUSH-优化后\ffmpeg\Debug\libx265_10bd.pdb'; linking object as if no debug info
     1>libavcodecd.lib(sei.obj) : warning LNK4099: PDB 'libx265_10bd.pdb' was not found with 'libavcodecd.lib(sei.obj)' or at 'G:\platform-tools\ffmpeg4.0+SDL2DEMO-PUSH-优化后\ffmpeg\Debug\libx265_10bd.pdb'; linking object as if no debug info
     1>libavcodecd.lib(slicetype.obj) : warning LNK4099: PDB 'libx265_10bd.pdb' was not found with 'libavcodecd.lib(slicetype.obj)' or at 'G:\platform-tools\ffmpeg4.0+SDL2DEMO-PUSH-优化后\ffmpeg\Debug\libx265_10bd.pdb'; linking object as if no debug info
     1>libavcodecd.lib(weightPrediction.obj) : warning LNK4099: PDB 'libx265_10bd.pdb' was not found with 'libavcodecd.lib(weightPrediction.obj)' or at 'G:\platform-tools\ffmpeg4.0+SDL2DEMO-PUSH-优化后\ffmpeg\Debug\libx265_10bd.pdb'; linking object as if no debug info
     1>libavcodecd.lib(loopfilter_c.obj) : warning LNK4099: PDB 'libx265_10bd.pdb' was not found with 'libavcodecd.lib(loopfilter_c.obj)' or at 'G:\platform-tools\ffmpeg4.0+SDL2DEMO-PUSH-优化后\ffmpeg\Debug\libx265_10bd.pdb'; linking object as if no debug info
     1>libavcodecd.lib(bitstream.obj) : warning LNK4099: PDB 'libx265_12bd.pdb' was not found with 'libavcodecd.lib(bitstream.obj)' or at 'G:\platform-tools\ffmpeg4.0+SDL2DEMO-PUSH-优化后\ffmpeg\Debug\libx265_12bd.pdb'; linking object as if no debug info
     1>libavcodecd.lib(common.obj) : warning LNK4099: PDB 'libx265_12bd.pdb' was not found with 'libavcodecd.lib(common.obj)' or at 'G:\platform-tools\ffmpeg4.0+SDL2DEMO-PUSH-优化后\ffmpeg\Debug\libx265_12bd.pdb'; linking object as if no debug info
     1>libavcodecd.lib(constants.obj) : warning LNK4099: PDB 'libx265_12bd.pdb' was not found with 'libavcodecd.lib(constants.obj)' or at 'G:\platform-tools\ffmpeg4.0+SDL2DEMO-PUSH-优化后\ffmpeg\Debug\libx265_12bd.pdb'; linking object as if no debug info
     1>libavcodecd.lib(cpu.obj) : warning LNK4099: PDB 'libx265_12bd.pdb' was not found with 'libavcodecd.lib(cpu.obj)' or at 'G:\platform-tools\ffmpeg4.0+SDL2DEMO-PUSH-优化后\ffmpeg\Debug\libx265_12bd.pdb'; linking object as if no debug info
     1>libavcodecd.lib(cudata.obj) : warning LNK4099: PDB 'libx265_12bd.pdb' was not found with 'libavcodecd.lib(cudata.obj)' or at 'G:\platform-tools\ffmpeg4.0+SDL2DEMO-PUSH-优化后\ffmpeg\Debug\libx265_12bd.pdb'; linking object as if no debug info
     1>libavcodecd.lib(dct.obj) : warning LNK4099: PDB 'libx265_12bd.pdb' was not found with 'libavcodecd.lib(dct.obj)' or at 'G:\platform-tools\ffmpeg4.0+SDL2DEMO-PUSH-优化后\ffmpeg\Debug\libx265_12bd.pdb'; linking object as if no debug info
     1>libavcodecd.lib(deblock.obj) : warning LNK4099: PDB 'libx265_12bd.pdb' was not found with 'libavcodecd.lib(deblock.obj)' or at 'G:\platform-tools\ffmpeg4.0+SDL2DEMO-PUSH-优化后\ffmpeg\Debug\libx265_12bd.pdb'; linking object as if no debug info
     1>libavcodecd.lib(frame.obj) : warning LNK4099: PDB 'libx265_12bd.pdb' was not found with 'libavcodecd.lib(frame.obj)' or at 'G:\platform-tools\ffmpeg4.0+SDL2DEMO-PUSH-优化后\ffmpeg\Debug\libx265_12bd.pdb'; linking object as if no debug info
     1>libavcodecd.lib(framedata.obj) : warning LNK4099: PDB 'libx265_12bd.pdb' was not found with 'libavcodecd.lib(framedata.obj)' or at 'G:\platform-tools\ffmpeg4.0+SDL2DEMO-PUSH-优化后\ffmpeg\Debug\libx265_12bd.pdb'; linking object as if no debug info
     1>libavcodecd.lib(IntraPred.obj) : warning LNK4099: PDB 'libx265_12bd.pdb' was not found with 'libavcodecd.lib(IntraPred.obj)' or at 'G:\platform-tools\ffmpeg4.0+SDL2DEMO-PUSH-优化后\ffmpeg\Debug\libx265_12bd.pdb'; linking object as if no debug info
     1>libavcodecd.lib(ipfilter.obj) : warning LNK4099: PDB 'libx265_12bd.pdb' was not found with 'libavcodecd.lib(ipfilter.obj)' or at 'G:\platform-tools\ffmpeg4.0+SDL2DEMO-PUSH-优化后\ffmpeg\Debug\libx265_12bd.pdb'; linking object as if no debug info
     1>libavcodecd.lib(lowpassdct.obj) : warning LNK4099: PDB 'libx265_12bd.pdb' was not found with 'libavcodecd.lib(lowpassdct.obj)' or at 'G:\platform-tools\ffmpeg4.0+SDL2DEMO-PUSH-优化后\ffmpeg\Debug\libx265_12bd.pdb'; linking object as if no debug info
     1>libavcodecd.lib(lowres.obj) : warning LNK4099: PDB 'libx265_12bd.pdb' was not found with 'libavcodecd.lib(lowres.obj)' or at 'G:\platform-tools\ffmpeg4.0+SDL2DEMO-PUSH-优化后\ffmpeg\Debug\libx265_12bd.pdb'; linking object as if no debug info
     1>libavcodecd.lib(md5.obj) : warning LNK4099: PDB 'libx265_12bd.pdb' was not found with 'libavcodecd.lib(md5.obj)' or at 'G:\platform-tools\ffmpeg4.0+SDL2DEMO-PUSH-优化后\ffmpeg\Debug\libx265_12bd.pdb'; linking object as if no debug info
     1>libavcodecd.lib(param.obj) : warning LNK4099: PDB 'libx265_12bd.pdb' was not found with 'libavcodecd.lib(param.obj)' or at 'G:\platform-tools\ffmpeg4.0+SDL2DEMO-PUSH-优化后\ffmpeg\Debug\libx265_12bd.pdb'; linking object as if no debug info
     1>libavcodecd.lib(piclist.obj) : warning LNK4099: PDB 'libx265_12bd.pdb' was not found with 'libavcodecd.lib(piclist.obj)' or at 'G:\platform-tools\ffmpeg4.0+SDL2DEMO-PUSH-优化后\ffmpeg\Debug\libx265_12bd.pdb'; linking object as if no debug info
     1>libavcodecd.lib(picyuv.obj) : warning LNK4099: PDB 'libx265_12bd.pdb' was not found with 'libavcodecd.lib(picyuv.obj)' or at 'G:\platform-tools\ffmpeg4.0+SDL2DEMO-PUSH-优化后\ffmpeg\Debug\libx265_12bd.pdb'; linking object as if no debug info
     1>libavcodecd.lib(pixel.obj) : warning LNK4099: PDB 'libx265_12bd.pdb' was not found with 'libavcodecd.lib(pixel.obj)' or at 'G:\platform-tools\ffmpeg4.0+SDL2DEMO-PUSH-优化后\ffmpeg\Debug\libx265_12bd.pdb'; linking object as if no debug info
     1>libavcodecd.lib(predict.obj) : warning LNK4099: PDB 'libx265_12bd.pdb' was not found with 'libavcodecd.lib(predict.obj)' or at 'G:\platform-tools\ffmpeg4.0+SDL2DEMO-PUSH-优化后\ffmpeg\Debug\libx265_12bd.pdb'; linking object as if no debug info
     1>libavcodecd.lib(primitives.obj) : warning LNK4099: PDB 'libx265_12bd.pdb' was not found with 'libavcodecd.lib(primitives.obj)' or at 'G:\platform-tools\ffmpeg4.0+SDL2DEMO-PUSH-优化后\ffmpeg\Debug\libx265_12bd.pdb'; linking object as if no debug info
     1>libavcodecd.lib(quant.obj) : warning LNK4099: PDB 'libx265_12bd.pdb' was not found with 'libavcodecd.lib(quant.obj)' or at 'G:\platform-tools\ffmpeg4.0+SDL2DEMO-PUSH-优化后\ffmpeg\Debug\libx265_12bd.pdb'; linking object as if no debug info
     1>libavcodecd.lib(scalinglist.obj) : warning LNK4099: PDB 'libx265_12bd.pdb' was not found with 'libavcodecd.lib(scalinglist.obj)' or at 'G:\platform-tools\ffmpeg4.0+SDL2DEMO-PUSH-优化后\ffmpeg\Debug\libx265_12bd.pdb'; linking object as if no debug info
     1>libavcodecd.lib(shortyuv.obj) : warning LNK4099: PDB 'libx265_12bd.pdb' was not found with 'libavcodecd.lib(shortyuv.obj)' or at 'G:\platform-tools\ffmpeg4.0+SDL2DEMO-PUSH-优化后\ffmpeg\Debug\libx265_12bd.pdb'; linking object as if no debug info
     1>libavcodecd.lib(slice.obj) : warning LNK4099: PDB 'libx265_12bd.pdb' was not found with 'libavcodecd.lib(slice.obj)' or at 'G:\platform-tools\ffmpeg4.0+SDL2DEMO-PUSH-优化后\ffmpeg\Debug\libx265_12bd.pdb'; linking object as if no debug info
     1>libavcodecd.lib(threading.obj) : warning LNK4099: PDB 'libx265_12bd.pdb' was not found with 'libavcodecd.lib(threading.obj)' or at 'G:\platform-tools\ffmpeg4.0+SDL2DEMO-PUSH-优化后\ffmpeg\Debug\libx265_12bd.pdb'; linking object as if no debug info
     1>libavcodecd.lib(threadpool.obj) : warning LNK4099: PDB 'libx265_12bd.pdb' was not found with 'libavcodecd.lib(threadpool.obj)' or at 'G:\platform-tools\ffmpeg4.0+SDL2DEMO-PUSH-优化后\ffmpeg\Debug\libx265_12bd.pdb'; linking object as if no debug info
     1>libavcodecd.lib(version.obj) : warning LNK4099: PDB 'libx265_12bd.pdb' was not found with 'libavcodecd.lib(version.obj)' or at 'G:\platform-tools\ffmpeg4.0+SDL2DEMO-PUSH-优化后\ffmpeg\Debug\libx265_12bd.pdb'; linking object as if no debug info
     1>libavcodecd.lib(wavefront.obj) : warning LNK4099: PDB 'libx265_12bd.pdb' was not found with 'libavcodecd.lib(wavefront.obj)' or at 'G:\platform-tools\ffmpeg4.0+SDL2DEMO-PUSH-优化后\ffmpeg\Debug\libx265_12bd.pdb'; linking object as if no debug info
     1>libavcodecd.lib(winxp.obj) : warning LNK4099: PDB 'libx265_12bd.pdb' was not found with 'libavcodecd.lib(winxp.obj)' or at 'G:\platform-tools\ffmpeg4.0+SDL2DEMO-PUSH-优化后\ffmpeg\Debug\libx265_12bd.pdb'; linking object as if no debug info
     1>libavcodecd.lib(yuv.obj) : warning LNK4099: PDB 'libx265_12bd.pdb' was not found with 'libavcodecd.lib(yuv.obj)' or at 'G:\platform-tools\ffmpeg4.0+SDL2DEMO-PUSH-优化后\ffmpeg\Debug\libx265_12bd.pdb'; linking object as if no debug info
     1>libavcodecd.lib(analysis.obj) : warning LNK4099: PDB 'libx265_12bd.pdb' was not found with 'libavcodecd.lib(analysis.obj)' or at 'G:\platform-tools\ffmpeg4.0+SDL2DEMO-PUSH-优化后\ffmpeg\Debug\libx265_12bd.pdb'; linking object as if no debug info
     1>libavcodecd.lib(api.obj) : warning LNK4099: PDB 'libx265_12bd.pdb' was not found with 'libavcodecd.lib(api.obj)' or at 'G:\platform-tools\ffmpeg4.0+SDL2DEMO-PUSH-优化后\ffmpeg\Debug\libx265_12bd.pdb'; linking object as if no debug info
     1>libavcodecd.lib(bitcost.obj) : warning LNK4099: PDB 'libx265_12bd.pdb' was not found with 'libavcodecd.lib(bitcost.obj)' or at 'G:\platform-tools\ffmpeg4.0+SDL2DEMO-PUSH-优化后\ffmpeg\Debug\libx265_12bd.pdb'; linking object as if no debug info
     1>libavcodecd.lib(dpb.obj) : warning LNK4099: PDB 'libx265_12bd.pdb' was not found with 'libavcodecd.lib(dpb.obj)' or at 'G:\platform-tools\ffmpeg4.0+SDL2DEMO-PUSH-优化后\ffmpeg\Debug\libx265_12bd.pdb'; linking object as if no debug info
     1>libavcodecd.lib(encoder.obj) : warning LNK4099: PDB 'libx265_12bd.pdb' was not found with 'libavcodecd.lib(encoder.obj)' or at 'G:\platform-tools\ffmpeg4.0+SDL2DEMO-PUSH-优化后\ffmpeg\Debug\libx265_12bd.pdb'; linking object as if no debug info
     1>libavcodecd.lib(entropy.obj) : warning LNK4099: PDB 'libx265_12bd.pdb' was not found with 'libavcodecd.lib(entropy.obj)' or at 'G:\platform-tools\ffmpeg4.0+SDL2DEMO-PUSH-优化后\ffmpeg\Debug\libx265_12bd.pdb'; linking object as if no debug info
     1>libavcodecd.lib(frameencoder.obj) : warning LNK4099: PDB 'libx265_12bd.pdb' was not found with 'libavcodecd.lib(frameencoder.obj)' or at 'G:\platform-tools\ffmpeg4.0+SDL2DEMO-PUSH-优化后\ffmpeg\Debug\libx265_12bd.pdb'; linking object as if no debug info
     1>libavcodecd.lib(framefilter.obj) : warning LNK4099: PDB 'libx265_12bd.pdb' was not found with 'libavcodecd.lib(framefilter.obj)' or at 'G:\platform-tools\ffmpeg4.0+SDL2DEMO-PUSH-优化后\ffmpeg\Debug\libx265_12bd.pdb'; linking object as if no debug info
     1>libavcodecd.lib(level.obj) : warning LNK4099: PDB 'libx265_12bd.pdb' was not found with 'libavcodecd.lib(level.obj)' or at 'G:\platform-tools\ffmpeg4.0+SDL2DEMO-PUSH-优化后\ffmpeg\Debug\libx265_12bd.pdb'; linking object as if no debug info
     1>libavcodecd.lib(motion.obj) : warning LNK4099: PDB 'libx265_12bd.pdb' was not found with 'libavcodecd.lib(motion.obj)' or at 'G:\platform-tools\ffmpeg4.0+SDL2DEMO-PUSH-优化后\ffmpeg\Debug\libx265_12bd.pdb'; linking object as if no debug info
     1>libavcodecd.lib(nal.obj) : warning LNK4099: PDB 'libx265_12bd.pdb' was not found with 'libavcodecd.lib(nal.obj)' or at 'G:\platform-tools\ffmpeg4.0+SDL2DEMO-PUSH-优化后\ffmpeg\Debug\libx265_12bd.pdb'; linking object as if no debug info
     1>libavcodecd.lib(ratecontrol.obj) : warning LNK4099: PDB 'libx265_12bd.pdb' was not found with 'libavcodecd.lib(ratecontrol.obj)' or at 'G:\platform-tools\ffmpeg4.0+SDL2DEMO-PUSH-优化后\ffmpeg\Debug\libx265_12bd.pdb'; linking object as if no debug info
     1>libavcodecd.lib(reference.obj) : warning LNK4099: PDB 'libx265_12bd.pdb' was not found with 'libavcodecd.lib(reference.obj)' or at 'G:\platform-tools\ffmpeg4.0+SDL2DEMO-PUSH-优化后\ffmpeg\Debug\libx265_12bd.pdb'; linking object as if no debug info
     1>libavcodecd.lib(sao.obj) : warning LNK4099: PDB 'libx265_12bd.pdb' was not found with 'libavcodecd.lib(sao.obj)' or at 'G:\platform-tools\ffmpeg4.0+SDL2DEMO-PUSH-优化后\ffmpeg\Debug\libx265_12bd.pdb'; linking object as if no debug info
     1>libavcodecd.lib(search.obj) : warning LNK4099: PDB 'libx265_12bd.pdb' was not found with 'libavcodecd.lib(search.obj)' or at 'G:\platform-tools\ffmpeg4.0+SDL2DEMO-PUSH-优化后\ffmpeg\Debug\libx265_12bd.pdb'; linking object as if no debug info
     1>libavcodecd.lib(sei.obj) : warning LNK4099: PDB 'libx265_12bd.pdb' was not found with 'libavcodecd.lib(sei.obj)' or at 'G:\platform-tools\ffmpeg4.0+SDL2DEMO-PUSH-优化后\ffmpeg\Debug\libx265_12bd.pdb'; linking object as if no debug info
     1>libavcodecd.lib(slicetype.obj) : warning LNK4099: PDB 'libx265_12bd.pdb' was not found with 'libavcodecd.lib(slicetype.obj)' or at 'G:\platform-tools\ffmpeg4.0+SDL2DEMO-PUSH-优化后\ffmpeg\Debug\libx265_12bd.pdb'; linking object as if no debug info
     1>libavcodecd.lib(weightPrediction.obj) : warning LNK4099: PDB 'libx265_12bd.pdb' was not found with 'libavcodecd.lib(weightPrediction.obj)' or at 'G:\platform-tools\ffmpeg4.0+SDL2DEMO-PUSH-优化后\ffmpeg\Debug\libx265_12bd.pdb'; linking object as if no debug info
     1>libavcodecd.lib(loopfilter_c.obj) : warning LNK4099: PDB 'libx265_12bd.pdb' was not found with 'libavcodecd.lib(loopfilter_c.obj)' or at 'G:\platform-tools\ffmpeg4.0+SDL2DEMO-PUSH-优化后\ffmpeg\Debug\libx265_12bd.pdb'; linking object as if no debug info
     1>libavcodecd.lib(apiHDR10.obj) : warning LNK4099: PDB 'libx265d.pdb' was not found with 'libavcodecd.lib(apiHDR10.obj)' or at 'G:\platform-tools\ffmpeg4.0+SDL2DEMO-PUSH-优化后\ffmpeg\Debug\libx265d.pdb'; linking object as if no debug info
     1>libavcodecd.lib(loopfilter_c.obj) : warning LNK4099: PDB 'libx265d.pdb' was not found with 'libavcodecd.lib(loopfilter_c.obj)' or at 'G:\platform-tools\ffmpeg4.0+SDL2DEMO-PUSH-优化后\ffmpeg\Debug\libx265d.pdb'; linking object as if no debug info
     1>libavcodecd.lib(weightPrediction.obj) : warning LNK4099: PDB 'libx265d.pdb' was not found with 'libavcodecd.lib(weightPrediction.obj)' or at 'G:\platform-tools\ffmpeg4.0+SDL2DEMO-PUSH-优化后\ffmpeg\Debug\libx265d.pdb'; linking object as if no debug info
     1>libavcodecd.lib(slicetype.obj) : warning LNK4099: PDB 'libx265d.pdb' was not found with 'libavcodecd.lib(slicetype.obj)' or at 'G:\platform-tools\ffmpeg4.0+SDL2DEMO-PUSH-优化后\ffmpeg\Debug\libx265d.pdb'; linking object as if no debug info
     1>libavcodecd.lib(sei.obj) : warning LNK4099: PDB 'libx265d.pdb' was not found with 'libavcodecd.lib(sei.obj)' or at 'G:\platform-tools\ffmpeg4.0+SDL2DEMO-PUSH-优化后\ffmpeg\Debug\libx265d.pdb'; linking object as if no debug info
     1>libavcodecd.lib(search.obj) : warning LNK4099: PDB 'libx265d.pdb' was not found with 'libavcodecd.lib(search.obj)' or at 'G:\platform-tools\ffmpeg4.0+SDL2DEMO-PUSH-优化后\ffmpeg\Debug\libx265d.pdb'; linking object as if no debug info
     1>libavcodecd.lib(sao.obj) : warning LNK4099: PDB 'libx265d.pdb' was not found with 'libavcodecd.lib(sao.obj)' or at 'G:\platform-tools\ffmpeg4.0+SDL2DEMO-PUSH-优化后\ffmpeg\Debug\libx265d.pdb'; linking object as if no debug info
     1>libavcodecd.lib(reference.obj) : warning LNK4099: PDB 'libx265d.pdb' was not found with 'libavcodecd.lib(reference.obj)' or at 'G:\platform-tools\ffmpeg4.0+SDL2DEMO-PUSH-优化后\ffmpeg\Debug\libx265d.pdb'; linking object as if no debug info
     1>libavcodecd.lib(ratecontrol.obj) : warning LNK4099: PDB 'libx265d.pdb' was not found with 'libavcodecd.lib(ratecontrol.obj)' or at 'G:\platform-tools\ffmpeg4.0+SDL2DEMO-PUSH-优化后\ffmpeg\Debug\libx265d.pdb'; linking object as if no debug info
     1>libavcodecd.lib(nal.obj) : warning LNK4099: PDB 'libx265d.pdb' was not found with 'libavcodecd.lib(nal.obj)' or at 'G:\platform-tools\ffmpeg4.0+SDL2DEMO-PUSH-优化后\ffmpeg\Debug\libx265d.pdb'; linking object as if no debug info
     1>libavcodecd.lib(motion.obj) : warning LNK4099: PDB 'libx265d.pdb' was not found with 'libavcodecd.lib(motion.obj)' or at 'G:\platform-tools\ffmpeg4.0+SDL2DEMO-PUSH-优化后\ffmpeg\Debug\libx265d.pdb'; linking object as if no debug info
     1>libavcodecd.lib(level.obj) : warning LNK4099: PDB 'libx265d.pdb' was not found with 'libavcodecd.lib(level.obj)' or at 'G:\platform-tools\ffmpeg4.0+SDL2DEMO-PUSH-优化后\ffmpeg\Debug\libx265d.pdb'; linking object as if no debug info
     1>libavcodecd.lib(framefilter.obj) : warning LNK4099: PDB 'libx265d.pdb' was not found with 'libavcodecd.lib(framefilter.obj)' or at 'G:\platform-tools\ffmpeg4.0+SDL2DEMO-PUSH-优化后\ffmpeg\Debug\libx265d.pdb'; linking object as if no debug info
     1>libavcodecd.lib(frameencoder.obj) : warning LNK4099: PDB 'libx265d.pdb' was not found with 'libavcodecd.lib(frameencoder.obj)' or at 'G:\platform-tools\ffmpeg4.0+SDL2DEMO-PUSH-优化后\ffmpeg\Debug\libx265d.pdb'; linking object as if no debug info
     1>libavcodecd.lib(entropy.obj) : warning LNK4099: PDB 'libx265d.pdb' was not found with 'libavcodecd.lib(entropy.obj)' or at 'G:\platform-tools\ffmpeg4.0+SDL2DEMO-PUSH-优化后\ffmpeg\Debug\libx265d.pdb'; linking object as if no debug info
     1>libavcodecd.lib(encoder.obj) : warning LNK4099: PDB 'libx265d.pdb' was not found with 'libavcodecd.lib(encoder.obj)' or at 'G:\platform-tools\ffmpeg4.0+SDL2DEMO-PUSH-优化后\ffmpeg\Debug\libx265d.pdb'; linking object as if no debug info
     1>libavcodecd.lib(dpb.obj) : warning LNK4099: PDB 'libx265d.pdb' was not found with 'libavcodecd.lib(dpb.obj)' or at 'G:\platform-tools\ffmpeg4.0+SDL2DEMO-PUSH-优化后\ffmpeg\Debug\libx265d.pdb'; linking object as if no debug info
     1>libavcodecd.lib(bitcost.obj) : warning LNK4099: PDB 'libx265d.pdb' was not found with 'libavcodecd.lib(bitcost.obj)' or at 'G:\platform-tools\ffmpeg4.0+SDL2DEMO-PUSH-优化后\ffmpeg\Debug\libx265d.pdb'; linking object as if no debug info
     1>libavcodecd.lib(api.obj) : warning LNK4099: PDB 'libx265d.pdb' was not found with 'libavcodecd.lib(api.obj)' or at 'G:\platform-tools\ffmpeg4.0+SDL2DEMO-PUSH-优化后\ffmpeg\Debug\libx265d.pdb'; linking object as if no debug info
     1>libavcodecd.lib(analysis.obj) : warning LNK4099: PDB 'libx265d.pdb' was not found with 'libavcodecd.lib(analysis.obj)' or at 'G:\platform-tools\ffmpeg4.0+SDL2DEMO-PUSH-优化后\ffmpeg\Debug\libx265d.pdb'; linking object as if no debug info
     1>libavcodecd.lib(SeiMetadataDictionary.obj) : warning LNK4099: PDB 'libx265d.pdb' was not found with 'libavcodecd.lib(SeiMetadataDictionary.obj)' or at 'G:\platform-tools\ffmpeg4.0+SDL2DEMO-PUSH-优化后\ffmpeg\Debug\libx265d.pdb'; linking object as if no debug info
     1>libavcodecd.lib(metadataFromJson.obj) : warning LNK4099: PDB 'libx265d.pdb' was not found with 'libavcodecd.lib(metadataFromJson.obj)' or at 'G:\platform-tools\ffmpeg4.0+SDL2DEMO-PUSH-优化后\ffmpeg\Debug\libx265d.pdb'; linking object as if no debug info
     1>libavcodecd.lib(JsonHelper.obj) : warning LNK4099: PDB 'libx265d.pdb' was not found with 'libavcodecd.lib(JsonHelper.obj)' or at 'G:\platform-tools\ffmpeg4.0+SDL2DEMO-PUSH-优化后\ffmpeg\Debug\libx265d.pdb'; linking object as if no debug info
     1>libavcodecd.lib(json11.obj) : warning LNK4099: PDB 'libx265d.pdb' was not found with 'libavcodecd.lib(json11.obj)' or at 'G:\platform-tools\ffmpeg4.0+SDL2DEMO-PUSH-优化后\ffmpeg\Debug\libx265d.pdb'; linking object as if no debug info
     1>libavcodecd.lib(yuv.obj) : warning LNK4099: PDB 'libx265d.pdb' was not found with 'libavcodecd.lib(yuv.obj)' or at 'G:\platform-tools\ffmpeg4.0+SDL2DEMO-PUSH-优化后\ffmpeg\Debug\libx265d.pdb'; linking object as if no debug info
     1>libavcodecd.lib(asm-primitives.obj) : warning LNK4099: PDB 'libx265d.pdb' was not found with 'libavcodecd.lib(asm-primitives.obj)' or at 'G:\platform-tools\ffmpeg4.0+SDL2DEMO-PUSH-优化后\ffmpeg\Debug\libx265d.pdb'; linking object as if no debug info
     1>libavcodecd.lib(winxp.obj) : warning LNK4099: PDB 'libx265d.pdb' was not found with 'libavcodecd.lib(winxp.obj)' or at 'G:\platform-tools\ffmpeg4.0+SDL2DEMO-PUSH-优化后\ffmpeg\Debug\libx265d.pdb'; linking object as if no debug info
     1>libavcodecd.lib(wavefront.obj) : warning LNK4099: PDB 'libx265d.pdb' was not found with 'libavcodecd.lib(wavefront.obj)' or at 'G:\platform-tools\ffmpeg4.0+SDL2DEMO-PUSH-优化后\ffmpeg\Debug\libx265d.pdb'; linking object as if no debug info
     1>libavcodecd.lib(version.obj) : warning LNK4099: PDB 'libx265d.pdb' was not found with 'libavcodecd.lib(version.obj)' or at 'G:\platform-tools\ffmpeg4.0+SDL2DEMO-PUSH-优化后\ffmpeg\Debug\libx265d.pdb'; linking object as if no debug info
     1>libavcodecd.lib(vec-primitives.obj) : warning LNK4099: PDB 'libx265d.pdb' was not found with 'libavcodecd.lib(vec-primitives.obj)' or at 'G:\platform-tools\ffmpeg4.0+SDL2DEMO-PUSH-优化后\ffmpeg\Debug\libx265d.pdb'; linking object as if no debug info
     1>libavcodecd.lib(dct-ssse3.obj) : warning LNK4099: PDB 'libx265d.pdb' was not found with 'libavcodecd.lib(dct-ssse3.obj)' or at 'G:\platform-tools\ffmpeg4.0+SDL2DEMO-PUSH-优化后\ffmpeg\Debug\libx265d.pdb'; linking object as if no debug info
     1>libavcodecd.lib(dct-sse41.obj) : warning LNK4099: PDB 'libx265d.pdb' was not found with 'libavcodecd.lib(dct-sse41.obj)' or at 'G:\platform-tools\ffmpeg4.0+SDL2DEMO-PUSH-优化后\ffmpeg\Debug\libx265d.pdb'; linking object as if no debug info
     1>libavcodecd.lib(dct-sse3.obj) : warning LNK4099: PDB 'libx265d.pdb' was not found with 'libavcodecd.lib(dct-sse3.obj)' or at 'G:\platform-tools\ffmpeg4.0+SDL2DEMO-PUSH-优化后\ffmpeg\Debug\libx265d.pdb'; linking object as if no debug info
     1>libavcodecd.lib(threadpool.obj) : warning LNK4099: PDB 'libx265d.pdb' was not found with 'libavcodecd.lib(threadpool.obj)' or at 'G:\platform-tools\ffmpeg4.0+SDL2DEMO-PUSH-优化后\ffmpeg\Debug\libx265d.pdb'; linking object as if no debug info
     1>libavcodecd.lib(threading.obj) : warning LNK4099: PDB 'libx265d.pdb' was not found with 'libavcodecd.lib(threading.obj)' or at 'G:\platform-tools\ffmpeg4.0+SDL2DEMO-PUSH-优化后\ffmpeg\Debug\libx265d.pdb'; linking object as if no debug info
     1>libavcodecd.lib(slice.obj) : warning LNK4099: PDB 'libx265d.pdb' was not found with 'libavcodecd.lib(slice.obj)' or at 'G:\platform-tools\ffmpeg4.0+SDL2DEMO-PUSH-优化后\ffmpeg\Debug\libx265d.pdb'; linking object as if no debug info
     1>libavcodecd.lib(shortyuv.obj) : warning LNK4099: PDB 'libx265d.pdb' was not found with 'libavcodecd.lib(shortyuv.obj)' or at 'G:\platform-tools\ffmpeg4.0+SDL2DEMO-PUSH-优化后\ffmpeg\Debug\libx265d.pdb'; linking object as if no debug info
     1>libavcodecd.lib(scalinglist.obj) : warning LNK4099: PDB 'libx265d.pdb' was not found with 'libavcodecd.lib(scalinglist.obj)' or at 'G:\platform-tools\ffmpeg4.0+SDL2DEMO-PUSH-优化后\ffmpeg\Debug\libx265d.pdb'; linking object as if no debug info
     1>libavcodecd.lib(quant.obj) : warning LNK4099: PDB 'libx265d.pdb' was not found with 'libavcodecd.lib(quant.obj)' or at 'G:\platform-tools\ffmpeg4.0+SDL2DEMO-PUSH-优化后\ffmpeg\Debug\libx265d.pdb'; linking object as if no debug info
     1>libavcodecd.lib(primitives.obj) : warning LNK4099: PDB 'libx265d.pdb' was not found with 'libavcodecd.lib(primitives.obj)' or at 'G:\platform-tools\ffmpeg4.0+SDL2DEMO-PUSH-优化后\ffmpeg\Debug\libx265d.pdb'; linking object as if no debug info
     1>libavcodecd.lib(predict.obj) : warning LNK4099: PDB 'libx265d.pdb' was not found with 'libavcodecd.lib(predict.obj)' or at 'G:\platform-tools\ffmpeg4.0+SDL2DEMO-PUSH-优化后\ffmpeg\Debug\libx265d.pdb'; linking object as if no debug info
     1>libavcodecd.lib(pixel.obj) : warning LNK4099: PDB 'libx265d.pdb' was not found with 'libavcodecd.lib(pixel.obj)' or at 'G:\platform-tools\ffmpeg4.0+SDL2DEMO-PUSH-优化后\ffmpeg\Debug\libx265d.pdb'; linking object as if no debug info
     1>libavcodecd.lib(picyuv.obj) : warning LNK4099: PDB 'libx265d.pdb' was not found with 'libavcodecd.lib(picyuv.obj)' or at 'G:\platform-tools\ffmpeg4.0+SDL2DEMO-PUSH-优化后\ffmpeg\Debug\libx265d.pdb'; linking object as if no debug info
     1>libavcodecd.lib(piclist.obj) : warning LNK4099: PDB 'libx265d.pdb' was not found with 'libavcodecd.lib(piclist.obj)' or at 'G:\platform-tools\ffmpeg4.0+SDL2DEMO-PUSH-优化后\ffmpeg\Debug\libx265d.pdb'; linking object as if no debug info
     1>libavcodecd.lib(param.obj) : warning LNK4099: PDB 'libx265d.pdb' was not found with 'libavcodecd.lib(param.obj)' or at 'G:\platform-tools\ffmpeg4.0+SDL2DEMO-PUSH-优化后\ffmpeg\Debug\libx265d.pdb'; linking object as if no debug info
     1>libavcodecd.lib(md5.obj) : warning LNK4099: PDB 'libx265d.pdb' was not found with 'libavcodecd.lib(md5.obj)' or at 'G:\platform-tools\ffmpeg4.0+SDL2DEMO-PUSH-优化后\ffmpeg\Debug\libx265d.pdb'; linking object as if no debug info
     1>libavcodecd.lib(lowres.obj) : warning LNK4099: PDB 'libx265d.pdb' was not found with 'libavcodecd.lib(lowres.obj)' or at 'G:\platform-tools\ffmpeg4.0+SDL2DEMO-PUSH-优化后\ffmpeg\Debug\libx265d.pdb'; linking object as if no debug info
     1>libavcodecd.lib(lowpassdct.obj) : warning LNK4099: PDB 'libx265d.pdb' was not found with 'libavcodecd.lib(lowpassdct.obj)' or at 'G:\platform-tools\ffmpeg4.0+SDL2DEMO-PUSH-优化后\ffmpeg\Debug\libx265d.pdb'; linking object as if no debug info
     1>libavcodecd.lib(ipfilter.obj) : warning LNK4099: PDB 'libx265d.pdb' was not found with 'libavcodecd.lib(ipfilter.obj)' or at 'G:\platform-tools\ffmpeg4.0+SDL2DEMO-PUSH-优化后\ffmpeg\Debug\libx265d.pdb'; linking object as if no debug info
     1>libavcodecd.lib(IntraPred.obj) : warning LNK4099: PDB 'libx265d.pdb' was not found with 'libavcodecd.lib(IntraPred.obj)' or at 'G:\platform-tools\ffmpeg4.0+SDL2DEMO-PUSH-优化后\ffmpeg\Debug\libx265d.pdb'; linking object as if no debug info
     1>libavcodecd.lib(framedata.obj) : warning LNK4099: PDB 'libx265d.pdb' was not found with 'libavcodecd.lib(framedata.obj)' or at 'G:\platform-tools\ffmpeg4.0+SDL2DEMO-PUSH-优化后\ffmpeg\Debug\libx265d.pdb'; linking object as if no debug info
     1>libavcodecd.lib(frame.obj) : warning LNK4099: PDB 'libx265d.pdb' was not found with 'libavcodecd.lib(frame.obj)' or at 'G:\platform-tools\ffmpeg4.0+SDL2DEMO-PUSH-优化后\ffmpeg\Debug\libx265d.pdb'; linking object as if no debug info
     1>libavcodecd.lib(deblock.obj) : warning LNK4099: PDB 'libx265d.pdb' was not found with 'libavcodecd.lib(deblock.obj)' or at 'G:\platform-tools\ffmpeg4.0+SDL2DEMO-PUSH-优化后\ffmpeg\Debug\libx265d.pdb'; linking object as if no debug info
     1>libavcodecd.lib(dct.obj) : warning LNK4099: PDB 'libx265d.pdb' was not found with 'libavcodecd.lib(dct.obj)' or at 'G:\platform-tools\ffmpeg4.0+SDL2DEMO-PUSH-优化后\ffmpeg\Debug\libx265d.pdb'; linking object as if no debug info
     1>libavcodecd.lib(cudata.obj) : warning LNK4099: PDB 'libx265d.pdb' was not found with 'libavcodecd.lib(cudata.obj)' or at 'G:\platform-tools\ffmpeg4.0+SDL2DEMO-PUSH-优化后\ffmpeg\Debug\libx265d.pdb'; linking object as if no debug info
     1>libavcodecd.lib(cpu.obj) : warning LNK4099: PDB 'libx265d.pdb' was not found with 'libavcodecd.lib(cpu.obj)' or at 'G:\platform-tools\ffmpeg4.0+SDL2DEMO-PUSH-优化后\ffmpeg\Debug\libx265d.pdb'; linking object as if no debug info
     1>libavcodecd.lib(constants.obj) : warning LNK4099: PDB 'libx265d.pdb' was not found with 'libavcodecd.lib(constants.obj)' or at 'G:\platform-tools\ffmpeg4.0+SDL2DEMO-PUSH-优化后\ffmpeg\Debug\libx265d.pdb'; linking object as if no debug info
     1>libavcodecd.lib(common.obj) : warning LNK4099: PDB 'libx265d.pdb' was not found with 'libavcodecd.lib(common.obj)' or at 'G:\platform-tools\ffmpeg4.0+SDL2DEMO-PUSH-优化后\ffmpeg\Debug\libx265d.pdb'; linking object as if no debug info
     1>libavcodecd.lib(bitstream.obj) : warning LNK4099: PDB 'libx265d.pdb' was not found with 'libavcodecd.lib(bitstream.obj)' or at 'G:\platform-tools\ffmpeg4.0+SDL2DEMO-PUSH-优化后\ffmpeg\Debug\libx265d.pdb'; linking object as if no debug info
     1>libavcodecd.lib(bitstream.obj) : warning LNK4099: PDB 'libx264_10bd.pdb' was not found with 'libavcodecd.lib(bitstream.obj)' or at 'G:\platform-tools\ffmpeg4.0+SDL2DEMO-PUSH-优化后\ffmpeg\Debug\libx264_10bd.pdb'; linking object as if no debug info
     1>libavcodecd.lib(cabac.obj) : warning LNK4099: PDB 'libx264_10bd.pdb' was not found with 'libavcodecd.lib(cabac.obj)' or at 'G:\platform-tools\ffmpeg4.0+SDL2DEMO-PUSH-优化后\ffmpeg\Debug\libx264_10bd.pdb'; linking object as if no debug info
     1>libavcodecd.lib(common.obj) : warning LNK4099: PDB 'libx264_10bd.pdb' was not found with 'libavcodecd.lib(common.obj)' or at 'G:\platform-tools\ffmpeg4.0+SDL2DEMO-PUSH-优化后\ffmpeg\Debug\libx264_10bd.pdb'; linking object as if no debug info
     1>libavcodecd.lib(dct.obj) : warning LNK4099: PDB 'libx264_10bd.pdb' was not found with 'libavcodecd.lib(dct.obj)' or at 'G:\platform-tools\ffmpeg4.0+SDL2DEMO-PUSH-优化后\ffmpeg\Debug\libx264_10bd.pdb'; linking object as if no debug info
     1>libavcodecd.lib(deblock.obj) : warning LNK4099: PDB 'libx264_10bd.pdb' was not found with 'libavcodecd.lib(deblock.obj)' or at 'G:\platform-tools\ffmpeg4.0+SDL2DEMO-PUSH-优化后\ffmpeg\Debug\libx264_10bd.pdb'; linking object as if no debug info
     1>libavcodecd.lib(frame.obj) : warning LNK4099: PDB 'libx264_10bd.pdb' was not found with 'libavcodecd.lib(frame.obj)' or at 'G:\platform-tools\ffmpeg4.0+SDL2DEMO-PUSH-优化后\ffmpeg\Debug\libx264_10bd.pdb'; linking object as if no debug info
     1>libavcodecd.lib(macroblock.obj) : warning LNK4099: PDB 'libx264_10bd.pdb' was not found with 'libavcodecd.lib(macroblock.obj)' or at 'G:\platform-tools\ffmpeg4.0+SDL2DEMO-PUSH-优化后\ffmpeg\Debug\libx264_10bd.pdb'; linking object as if no debug info
     1>libavcodecd.lib(mc.obj) : warning LNK4099: PDB 'libx264_10bd.pdb' was not found with 'libavcodecd.lib(mc.obj)' or at 'G:\platform-tools\ffmpeg4.0+SDL2DEMO-PUSH-优化后\ffmpeg\Debug\libx264_10bd.pdb'; linking object as if no debug info
     1>libavcodecd.lib(mvpred.obj) : warning LNK4099: PDB 'libx264_10bd.pdb' was not found with 'libavcodecd.lib(mvpred.obj)' or at 'G:\platform-tools\ffmpeg4.0+SDL2DEMO-PUSH-优化后\ffmpeg\Debug\libx264_10bd.pdb'; linking object as if no debug info
     1>libavcodecd.lib(pixel.obj) : warning LNK4099: PDB 'libx264_10bd.pdb' was not found with 'libavcodecd.lib(pixel.obj)' or at 'G:\platform-tools\ffmpeg4.0+SDL2DEMO-PUSH-优化后\ffmpeg\Debug\libx264_10bd.pdb'; linking object as if no debug info
     1>libavcodecd.lib(predict.obj) : warning LNK4099: PDB 'libx264_10bd.pdb' was not found with 'libavcodecd.lib(predict.obj)' or at 'G:\platform-tools\ffmpeg4.0+SDL2DEMO-PUSH-优化后\ffmpeg\Debug\libx264_10bd.pdb'; linking object as if no debug info
     1>libavcodecd.lib(quant.obj) : warning LNK4099: PDB 'libx264_10bd.pdb' was not found with 'libavcodecd.lib(quant.obj)' or at 'G:\platform-tools\ffmpeg4.0+SDL2DEMO-PUSH-优化后\ffmpeg\Debug\libx264_10bd.pdb'; linking object as if no debug info
     1>libavcodecd.lib(rectangle.obj) : warning LNK4099: PDB 'libx264_10bd.pdb' was not found with 'libavcodecd.lib(rectangle.obj)' or at 'G:\platform-tools\ffmpeg4.0+SDL2DEMO-PUSH-优化后\ffmpeg\Debug\libx264_10bd.pdb'; linking object as if no debug info
     1>libavcodecd.lib(set.obj) : warning LNK4099: PDB 'libx264_10bd.pdb' was not found with 'libavcodecd.lib(set.obj)' or at 'G:\platform-tools\ffmpeg4.0+SDL2DEMO-PUSH-优化后\ffmpeg\Debug\libx264_10bd.pdb'; linking object as if no debug info
     1>libavcodecd.lib(threadpool.obj) : warning LNK4099: PDB 'libx264_10bd.pdb' was not found with 'libavcodecd.lib(threadpool.obj)' or at 'G:\platform-tools\ffmpeg4.0+SDL2DEMO-PUSH-优化后\ffmpeg\Debug\libx264_10bd.pdb'; linking object as if no debug info
     1>libavcodecd.lib(vlc.obj) : warning LNK4099: PDB 'libx264_10bd.pdb' was not found with 'libavcodecd.lib(vlc.obj)' or at 'G:\platform-tools\ffmpeg4.0+SDL2DEMO-PUSH-优化后\ffmpeg\Debug\libx264_10bd.pdb'; linking object as if no debug info
     1>libavcodecd.lib(mc-c.obj) : warning LNK4099: PDB 'libx264_10bd.pdb' was not found with 'libavcodecd.lib(mc-c.obj)' or at 'G:\platform-tools\ffmpeg4.0+SDL2DEMO-PUSH-优化后\ffmpeg\Debug\libx264_10bd.pdb'; linking object as if no debug info
     1>libavcodecd.lib(predict-c.obj) : warning LNK4099: PDB 'libx264_10bd.pdb' was not found with 'libavcodecd.lib(predict-c.obj)' or at 'G:\platform-tools\ffmpeg4.0+SDL2DEMO-PUSH-优化后\ffmpeg\Debug\libx264_10bd.pdb'; linking object as if no debug info
     1>libavcodecd.lib(analyse.obj) : warning LNK4099: PDB 'libx264_10bd.pdb' was not found with 'libavcodecd.lib(analyse.obj)' or at 'G:\platform-tools\ffmpeg4.0+SDL2DEMO-PUSH-优化后\ffmpeg\Debug\libx264_10bd.pdb'; linking object as if no debug info
     1>libavcodecd.lib(cavlc.obj) : warning LNK4099: PDB 'libx264_10bd.pdb' was not found with 'libavcodecd.lib(cavlc.obj)' or at 'G:\platform-tools\ffmpeg4.0+SDL2DEMO-PUSH-优化后\ffmpeg\Debug\libx264_10bd.pdb'; linking object as if no debug info
     1>libavcodecd.lib(encoder.obj) : warning LNK4099: PDB 'libx264_10bd.pdb' was not found with 'libavcodecd.lib(encoder.obj)' or at 'G:\platform-tools\ffmpeg4.0+SDL2DEMO-PUSH-优化后\ffmpeg\Debug\libx264_10bd.pdb'; linking object as if no debug info
     1>libavcodecd.lib(lookahead.obj) : warning LNK4099: PDB 'libx264_10bd.pdb' was not found with 'libavcodecd.lib(lookahead.obj)' or at 'G:\platform-tools\ffmpeg4.0+SDL2DEMO-PUSH-优化后\ffmpeg\Debug\libx264_10bd.pdb'; linking object as if no debug info
     1>libavcodecd.lib(me.obj) : warning LNK4099: PDB 'libx264_10bd.pdb' was not found with 'libavcodecd.lib(me.obj)' or at 'G:\platform-tools\ffmpeg4.0+SDL2DEMO-PUSH-优化后\ffmpeg\Debug\libx264_10bd.pdb'; linking object as if no debug info
     1>libavcodecd.lib(ratecontrol.obj) : warning LNK4099: PDB 'libx264_10bd.pdb' was not found with 'libavcodecd.lib(ratecontrol.obj)' or at 'G:\platform-tools\ffmpeg4.0+SDL2DEMO-PUSH-优化后\ffmpeg\Debug\libx264_10bd.pdb'; linking object as if no debug info
     1>libavcodecd.lib(cabacEnc.obj) : warning LNK4099: PDB 'libx264_10bd.pdb' was not found with 'libavcodecd.lib(cabacEnc.obj)' or at 'G:\platform-tools\ffmpeg4.0+SDL2DEMO-PUSH-优化后\ffmpeg\Debug\libx264_10bd.pdb'; linking object as if no debug info
     1>libavcodecd.lib(macroblockEnc.obj) : warning LNK4099: PDB 'libx264_10bd.pdb' was not found with 'libavcodecd.lib(macroblockEnc.obj)' or at 'G:\platform-tools\ffmpeg4.0+SDL2DEMO-PUSH-优化后\ffmpeg\Debug\libx264_10bd.pdb'; linking object as if no debug info
     1>libavcodecd.lib(setEnc.obj) : warning LNK4099: PDB 'libx264_10bd.pdb' was not found with 'libavcodecd.lib(setEnc.obj)' or at 'G:\platform-tools\ffmpeg4.0+SDL2DEMO-PUSH-优化后\ffmpeg\Debug\libx264_10bd.pdb'; linking object as if no debug info
     1>libavcodecd.lib(setEnc.obj) : warning LNK4099: PDB 'libx264d.pdb' was not found with 'libavcodecd.lib(setEnc.obj)' or at 'G:\platform-tools\ffmpeg4.0+SDL2DEMO-PUSH-优化后\ffmpeg\Debug\libx264d.pdb'; linking object as if no debug info
     1>libavcodecd.lib(macroblockEnc.obj) : warning LNK4099: PDB 'libx264d.pdb' was not found with 'libavcodecd.lib(macroblockEnc.obj)' or at 'G:\platform-tools\ffmpeg4.0+SDL2DEMO-PUSH-优化后\ffmpeg\Debug\libx264d.pdb'; linking object as if no debug info
     1>libavcodecd.lib(cabacEnc.obj) : warning LNK4099: PDB 'libx264d.pdb' was not found with 'libavcodecd.lib(cabacEnc.obj)' or at 'G:\platform-tools\ffmpeg4.0+SDL2DEMO-PUSH-优化后\ffmpeg\Debug\libx264d.pdb'; linking object as if no debug info
     1>libavcodecd.lib(slicetype-cl.obj) : warning LNK4099: PDB 'libx264d.pdb' was not found with 'libavcodecd.lib(slicetype-cl.obj)' or at 'G:\platform-tools\ffmpeg4.0+SDL2DEMO-PUSH-优化后\ffmpeg\Debug\libx264d.pdb'; linking object as if no debug info
     1>libavcodecd.lib(ratecontrol.obj) : warning LNK4099: PDB 'libx264d.pdb' was not found with 'libavcodecd.lib(ratecontrol.obj)' or at 'G:\platform-tools\ffmpeg4.0+SDL2DEMO-PUSH-优化后\ffmpeg\Debug\libx264d.pdb'; linking object as if no debug info
     1>libavcodecd.lib(me.obj) : warning LNK4099: PDB 'libx264d.pdb' was not found with 'libavcodecd.lib(me.obj)' or at 'G:\platform-tools\ffmpeg4.0+SDL2DEMO-PUSH-优化后\ffmpeg\Debug\libx264d.pdb'; linking object as if no debug info
     1>libavcodecd.lib(lookahead.obj) : warning LNK4099: PDB 'libx264d.pdb' was not found with 'libavcodecd.lib(lookahead.obj)' or at 'G:\platform-tools\ffmpeg4.0+SDL2DEMO-PUSH-优化后\ffmpeg\Debug\libx264d.pdb'; linking object as if no debug info
     1>libavcodecd.lib(encoder.obj) : warning LNK4099: PDB 'libx264d.pdb' was not found with 'libavcodecd.lib(encoder.obj)' or at 'G:\platform-tools\ffmpeg4.0+SDL2DEMO-PUSH-优化后\ffmpeg\Debug\libx264d.pdb'; linking object as if no debug info
     1>libavcodecd.lib(cavlc.obj) : warning LNK4099: PDB 'libx264d.pdb' was not found with 'libavcodecd.lib(cavlc.obj)' or at 'G:\platform-tools\ffmpeg4.0+SDL2DEMO-PUSH-优化后\ffmpeg\Debug\libx264d.pdb'; linking object as if no debug info
     1>libavcodecd.lib(analyse.obj) : warning LNK4099: PDB 'libx264d.pdb' was not found with 'libavcodecd.lib(analyse.obj)' or at 'G:\platform-tools\ffmpeg4.0+SDL2DEMO-PUSH-优化后\ffmpeg\Debug\libx264d.pdb'; linking object as if no debug info
     1>libavcodecd.lib(predict-c.obj) : warning LNK4099: PDB 'libx264d.pdb' was not found with 'libavcodecd.lib(predict-c.obj)' or at 'G:\platform-tools\ffmpeg4.0+SDL2DEMO-PUSH-优化后\ffmpeg\Debug\libx264d.pdb'; linking object as if no debug info
     1>libavcodecd.lib(mc-c.obj) : warning LNK4099: PDB 'libx264d.pdb' was not found with 'libavcodecd.lib(mc-c.obj)' or at 'G:\platform-tools\ffmpeg4.0+SDL2DEMO-PUSH-优化后\ffmpeg\Debug\libx264d.pdb'; linking object as if no debug info
     1>libavcodecd.lib(vlc.obj) : warning LNK4099: PDB 'libx264d.pdb' was not found with 'libavcodecd.lib(vlc.obj)' or at 'G:\platform-tools\ffmpeg4.0+SDL2DEMO-PUSH-优化后\ffmpeg\Debug\libx264d.pdb'; linking object as if no debug info
     1>libavcodecd.lib(threadpool.obj) : warning LNK4099: PDB 'libx264d.pdb' was not found with 'libavcodecd.lib(threadpool.obj)' or at 'G:\platform-tools\ffmpeg4.0+SDL2DEMO-PUSH-优化后\ffmpeg\Debug\libx264d.pdb'; linking object as if no debug info
     1>libavcodecd.lib(set.obj) : warning LNK4099: PDB 'libx264d.pdb' was not found with 'libavcodecd.lib(set.obj)' or at 'G:\platform-tools\ffmpeg4.0+SDL2DEMO-PUSH-优化后\ffmpeg\Debug\libx264d.pdb'; linking object as if no debug info
     1>libavcodecd.lib(rectangle.obj) : warning LNK4099: PDB 'libx264d.pdb' was not found with 'libavcodecd.lib(rectangle.obj)' or at 'G:\platform-tools\ffmpeg4.0+SDL2DEMO-PUSH-优化后\ffmpeg\Debug\libx264d.pdb'; linking object as if no debug info
     1>libavcodecd.lib(quant.obj) : warning LNK4099: PDB 'libx264d.pdb' was not found with 'libavcodecd.lib(quant.obj)' or at 'G:\platform-tools\ffmpeg4.0+SDL2DEMO-PUSH-优化后\ffmpeg\Debug\libx264d.pdb'; linking object as if no debug info
     1>libavcodecd.lib(predict.obj) : warning LNK4099: PDB 'libx264d.pdb' was not found with 'libavcodecd.lib(predict.obj)' or at 'G:\platform-tools\ffmpeg4.0+SDL2DEMO-PUSH-优化后\ffmpeg\Debug\libx264d.pdb'; linking object as if no debug info
     1>libavcodecd.lib(pixel.obj) : warning LNK4099: PDB 'libx264d.pdb' was not found with 'libavcodecd.lib(pixel.obj)' or at 'G:\platform-tools\ffmpeg4.0+SDL2DEMO-PUSH-优化后\ffmpeg\Debug\libx264d.pdb'; linking object as if no debug info
     1>libavcodecd.lib(opencl.obj) : warning LNK4099: PDB 'libx264d.pdb' was not found with 'libavcodecd.lib(opencl.obj)' or at 'G:\platform-tools\ffmpeg4.0+SDL2DEMO-PUSH-优化后\ffmpeg\Debug\libx264d.pdb'; linking object as if no debug info
     1>libavcodecd.lib(mvpred.obj) : warning LNK4099: PDB 'libx264d.pdb' was not found with 'libavcodecd.lib(mvpred.obj)' or at 'G:\platform-tools\ffmpeg4.0+SDL2DEMO-PUSH-优化后\ffmpeg\Debug\libx264d.pdb'; linking object as if no debug info
     1>libavcodecd.lib(mc.obj) : warning LNK4099: PDB 'libx264d.pdb' was not found with 'libavcodecd.lib(mc.obj)' or at 'G:\platform-tools\ffmpeg4.0+SDL2DEMO-PUSH-优化后\ffmpeg\Debug\libx264d.pdb'; linking object as if no debug info
     1>libavcodecd.lib(macroblock.obj) : warning LNK4099: PDB 'libx264d.pdb' was not found with 'libavcodecd.lib(macroblock.obj)' or at 'G:\platform-tools\ffmpeg4.0+SDL2DEMO-PUSH-优化后\ffmpeg\Debug\libx264d.pdb'; linking object as if no debug info
     1>libavcodecd.lib(frame.obj) : warning LNK4099: PDB 'libx264d.pdb' was not found with 'libavcodecd.lib(frame.obj)' or at 'G:\platform-tools\ffmpeg4.0+SDL2DEMO-PUSH-优化后\ffmpeg\Debug\libx264d.pdb'; linking object as if no debug info
     1>libavcodecd.lib(deblock.obj) : warning LNK4099: PDB 'libx264d.pdb' was not found with 'libavcodecd.lib(deblock.obj)' or at 'G:\platform-tools\ffmpeg4.0+SDL2DEMO-PUSH-优化后\ffmpeg\Debug\libx264d.pdb'; linking object as if no debug info
     1>libavcodecd.lib(dct.obj) : warning LNK4099: PDB 'libx264d.pdb' was not found with 'libavcodecd.lib(dct.obj)' or at 'G:\platform-tools\ffmpeg4.0+SDL2DEMO-PUSH-优化后\ffmpeg\Debug\libx264d.pdb'; linking object as if no debug info
     1>libavcodecd.lib(common.obj) : warning LNK4099: PDB 'libx264d.pdb' was not found with 'libavcodecd.lib(common.obj)' or at 'G:\platform-tools\ffmpeg4.0+SDL2DEMO-PUSH-优化后\ffmpeg\Debug\libx264d.pdb'; linking object as if no debug info
     1>libavcodecd.lib(cabac.obj) : warning LNK4099: PDB 'libx264d.pdb' was not found with 'libavcodecd.lib(cabac.obj)' or at 'G:\platform-tools\ffmpeg4.0+SDL2DEMO-PUSH-优化后\ffmpeg\Debug\libx264d.pdb'; linking object as if no debug info
     1>libavcodecd.lib(bitstream.obj) : warning LNK4099: PDB 'libx264d.pdb' was not found with 'libavcodecd.lib(bitstream.obj)' or at 'G:\platform-tools\ffmpeg4.0+SDL2DEMO-PUSH-优化后\ffmpeg\Debug\libx264d.pdb'; linking object as if no debug info
     1>libavcodecd.lib(api.obj) : warning LNK4099: PDB 'libx264d.pdb' was not found with 'libavcodecd.lib(api.obj)' or at 'G:\platform-tools\ffmpeg4.0+SDL2DEMO-PUSH-优化后\ffmpeg\Debug\libx264d.pdb'; linking object as if no debug info
     1>libavcodecd.lib(win32thread.obj) : warning LNK4099: PDB 'libx264d.pdb' was not found with 'libavcodecd.lib(win32thread.obj)' or at 'G:\platform-tools\ffmpeg4.0+SDL2DEMO-PUSH-优化后\ffmpeg\Debug\libx264d.pdb'; linking object as if no debug info
     1>libavcodecd.lib(tables.obj) : warning LNK4099: PDB 'libx264d.pdb' was not found with 'libavcodecd.lib(tables.obj)' or at 'G:\platform-tools\ffmpeg4.0+SDL2DEMO-PUSH-优化后\ffmpeg\Debug\libx264d.pdb'; linking object as if no debug info
     1>libavcodecd.lib(osdep.obj) : warning LNK4099: PDB 'libx264d.pdb' was not found with 'libavcodecd.lib(osdep.obj)' or at 'G:\platform-tools\ffmpeg4.0+SDL2DEMO-PUSH-优化后\ffmpeg\Debug\libx264d.pdb'; linking object as if no debug info
     1>libavcodecd.lib(cpu.obj) : warning LNK4099: PDB 'libx264d.pdb' was not found with 'libavcodecd.lib(cpu.obj)' or at 'G:\platform-tools\ffmpeg4.0+SDL2DEMO-PUSH-优化后\ffmpeg\Debug\libx264d.pdb'; linking object as if no debug info
     1>libavcodecd.lib(base.obj) : warning LNK4099: PDB 'libx264d.pdb' was not found with 'libavcodecd.lib(base.obj)' or at 'G:\platform-tools\ffmpeg4.0+SDL2DEMO-PUSH-优化后\ffmpeg\Debug\libx264d.pdb'; linking object as if no debug info
         ffmpegDEMO.vcxproj -> G:\platform-tools\ffmpeg4.0+SDL2DEMO-PUSH-优化后\ffmpeg\Debug\ffmpegDEMO.exe
     1>Done Building Project "G:\platform-tools\ffmpeg4.0+SDL2DEMO-PUSH-优化后\ffmpeg\ffmpeg\ffmpegDEMO.vcxproj" (Build target(s)).

Build succeeded.

Time Elapsed 00:00:20.39
