g:\platform-tools\ffmpeg4.0+sdl2demo - push - 副本\ffmpeg\ffmpeg\debug\ffmpegdemo.pch
g:\platform-tools\ffmpeg4.0+sdl2demo - push - 副本\ffmpeg\ffmpeg\debug\vc120.pdb
g:\platform-tools\ffmpeg4.0+sdl2demo - push - 副本\ffmpeg\ffmpeg\debug\vc120.idb
g:\platform-tools\ffmpeg4.0+sdl2demo - push - 副本\ffmpeg\ffmpeg\debug\stdafx.obj
g:\platform-tools\ffmpeg4.0+sdl2demo - push - 副本\ffmpeg\ffmpeg\debug\ffmpeg.obj
g:\platform-tools\ffmpeg4.0+sdl2demo - push - 副本\ffmpeg\ffmpeg\debug\ffmpegdlg.obj
g:\platform-tools\ffmpeg4.0+sdl2demo - push - 副本\ffmpeg\debug\ffmpegdemo.lib
g:\platform-tools\ffmpeg4.0+sdl2demo - push - 副本\ffmpeg\debug\ffmpegdemo.exp
g:\platform-tools\ffmpeg4.0+sdl2demo - push - 副本\ffmpeg\ffmpeg\debug\ffmpeg.res
g:\platform-tools\ffmpeg4.0+sdl2demo - push - 副本\ffmpeg\debug\ffmpegdemo.pdb
g:\platform-tools\ffmpeg4.0+sdl2demo - push - 副本\ffmpeg\ffmpeg\debug\ffmpegdemo.tlog\cl.command.1.tlog
g:\platform-tools\ffmpeg4.0+sdl2demo - push - 副本\ffmpeg\ffmpeg\debug\ffmpegdemo.tlog\cl.read.1.tlog
g:\platform-tools\ffmpeg4.0+sdl2demo - push - 副本\ffmpeg\ffmpeg\debug\ffmpegdemo.tlog\cl.write.1.tlog
g:\platform-tools\ffmpeg4.0+sdl2demo - push - 副本\ffmpeg\ffmpeg\debug\ffmpegdemo.tlog\ffmpegdemo.write.1u.tlog
g:\platform-tools\ffmpeg4.0+sdl2demo - push - 副本\ffmpeg\ffmpeg\debug\ffmpegdemo.tlog\link.command.1.tlog
g:\platform-tools\ffmpeg4.0+sdl2demo - push - 副本\ffmpeg\ffmpeg\debug\ffmpegdemo.tlog\link.read.1.tlog
g:\platform-tools\ffmpeg4.0+sdl2demo - push - 副本\ffmpeg\ffmpeg\debug\ffmpegdemo.tlog\link.write.1.tlog
g:\platform-tools\ffmpeg4.0+sdl2demo - push - 副本\ffmpeg\ffmpeg\debug\ffmpegdemo.tlog\rc.command.1.tlog
g:\platform-tools\ffmpeg4.0+sdl2demo - push - 副本\ffmpeg\ffmpeg\debug\ffmpegdemo.tlog\rc.read.1.tlog
g:\platform-tools\ffmpeg4.0+sdl2demo - push - 副本\ffmpeg\ffmpeg\debug\ffmpegdemo.tlog\rc.write.1.tlog
