d:\ffmpegdemo\ffmpeg\ffmpeg\debug\ffmpeg.pch
d:\ffmpegdemo\ffmpeg\ffmpeg\debug\vc120.pdb
d:\ffmpegdemo\ffmpeg\ffmpeg\debug\vc120.idb
d:\ffmpegdemo\ffmpeg\ffmpeg\debug\stdafx.obj
d:\ffmpegdemo\ffmpeg\ffmpeg\debug\ffmpeg.obj
d:\ffmpegdemo\ffmpeg\ffmpeg\debug\ffmpegdlg.obj
c:\users\admin\desktop\demo\ffmpeg+sdl2demo-orignal - 副本\ffmpeg\ffmpeg\debug\ffmpeg.pch
c:\users\admin\desktop\demo\ffmpeg+sdl2demo-orignal - 副本\ffmpeg\ffmpeg\debug\vc120.pdb
c:\users\admin\desktop\demo\ffmpeg+sdl2demo-orignal - 副本\ffmpeg\ffmpeg\debug\vc120.idb
c:\users\admin\desktop\demo\ffmpeg+sdl2demo-orignal - 副本\ffmpeg\ffmpeg\debug\stdafx.obj
c:\users\admin\desktop\demo\ffmpeg+sdl2demo-orignal - 副本\ffmpeg\ffmpeg\debug\ffmpeg.obj
c:\users\admin\desktop\demo\ffmpeg+sdl2demo-orignal - 副本\ffmpeg\ffmpeg\debug\ffmpegdlg.obj
c:\users\admin\desktop\ffmpeg+sdl2demo\ffmpeg\ffmpeg\debug\ffmpeg.pch
c:\users\admin\desktop\ffmpeg+sdl2demo\ffmpeg\ffmpeg\debug\vc120.pdb
c:\users\admin\desktop\ffmpeg+sdl2demo\ffmpeg\ffmpeg\debug\vc120.idb
c:\users\admin\desktop\ffmpeg+sdl2demo\ffmpeg\ffmpeg\debug\stdafx.obj
c:\users\admin\desktop\ffmpeg+sdl2demo\ffmpeg\ffmpeg\debug\ffmpeg.obj
c:\users\admin\desktop\ffmpeg+sdl2demo\ffmpeg\ffmpeg\debug\ffmpegdlg.obj
c:\users\admin\desktop\ffmpeg+sdl2demo - 副本\ffmpeg\ffmpeg\debug\ffmpeg.pch
c:\users\admin\desktop\ffmpeg+sdl2demo - 副本\ffmpeg\ffmpeg\debug\vc120.pdb
c:\users\admin\desktop\ffmpeg+sdl2demo - 副本\ffmpeg\ffmpeg\debug\vc120.idb
c:\users\admin\desktop\ffmpeg+sdl2demo - 副本\ffmpeg\ffmpeg\debug\stdafx.obj
c:\users\admin\desktop\ffmpeg+sdl2demo - 副本\ffmpeg\ffmpeg\debug\ffmpeg.obj
c:\users\admin\desktop\ffmpeg+sdl2demo - 副本\ffmpeg\ffmpeg\debug\ffmpegdlg.obj
d:\ffmpegdemo\ffmpeg\debug\ffmpeg.ilk
d:\ffmpegdemo\ffmpeg\debug\ffmpeg.exe
d:\ffmpegdemo\ffmpeg\debug\ffmpeg.pdb
c:\users\admin\desktop\demo\ffmpeg+sdl2demo-orignal - 副本\ffmpeg\debug\ffmpeg.ilk
c:\users\admin\desktop\demo\ffmpeg+sdl2demo-orignal - 副本\ffmpeg\debug\ffmpeg.exe
c:\users\admin\desktop\demo\ffmpeg+sdl2demo-orignal - 副本\ffmpeg\debug\ffmpeg.pdb
c:\users\admin\desktop\ffmpeg+sdl2demo\ffmpeg\debug\ffmpeg.ilk
c:\users\admin\desktop\ffmpeg+sdl2demo\ffmpeg\debug\ffmpeg.exe
c:\users\admin\desktop\ffmpeg+sdl2demo\ffmpeg\debug\ffmpeg.pdb
c:\users\admin\desktop\ffmpeg+sdl2demo - 副本\ffmpeg\debug\ffmpeg.ilk
c:\users\admin\desktop\ffmpeg+sdl2demo - 副本\ffmpeg\debug\ffmpeg.exe
c:\users\admin\desktop\ffmpeg+sdl2demo - 副本\ffmpeg\debug\ffmpeg.pdb
d:\ffmpegdemo\ffmpeg\ffmpeg\debug\ffmpeg.res
c:\users\admin\desktop\demo\ffmpeg+sdl2demo-orignal - 副本\ffmpeg\ffmpeg\debug\ffmpeg.res
c:\users\admin\desktop\ffmpeg+sdl2demo\ffmpeg\ffmpeg\debug\ffmpeg.res
c:\users\admin\desktop\ffmpeg+sdl2demo - 副本\ffmpeg\ffmpeg\debug\ffmpeg.res
c:\users\admin\desktop\ffmpeg+sdl2demo - 副本\ffmpeg\ffmpeg\debug\ffmpeg.tlog\cl.command.1.tlog
c:\users\admin\desktop\ffmpeg+sdl2demo - 副本\ffmpeg\ffmpeg\debug\ffmpeg.tlog\cl.read.1.tlog
c:\users\admin\desktop\ffmpeg+sdl2demo - 副本\ffmpeg\ffmpeg\debug\ffmpeg.tlog\cl.write.1.tlog
c:\users\admin\desktop\ffmpeg+sdl2demo - 副本\ffmpeg\ffmpeg\debug\ffmpeg.tlog\link.command.1.tlog
c:\users\admin\desktop\ffmpeg+sdl2demo - 副本\ffmpeg\ffmpeg\debug\ffmpeg.tlog\link.read.1.tlog
c:\users\admin\desktop\ffmpeg+sdl2demo - 副本\ffmpeg\ffmpeg\debug\ffmpeg.tlog\link.write.1.tlog
c:\users\admin\desktop\ffmpeg+sdl2demo - 副本\ffmpeg\ffmpeg\debug\ffmpeg.tlog\rc.command.1.tlog
c:\users\admin\desktop\ffmpeg+sdl2demo - 副本\ffmpeg\ffmpeg\debug\ffmpeg.tlog\rc.read.1.tlog
c:\users\admin\desktop\ffmpeg+sdl2demo - 副本\ffmpeg\ffmpeg\debug\ffmpeg.tlog\rc.write.1.tlog
